<?xml version="1.0" encoding="UTF-8" ?>
<testsuites>
  <testsuite errors="0" failures="0" hostname="INkeerthas.local" id="0" name="BibliotecaAppTest" package="com.thoughtworks.biblioteca" skipped="0" tests="2" time="0.379" timestamp="2015-09-15T12:14:37">
      <properties>
[...]
</properties>

      <testcase classname="com.thoughtworks.biblioteca.BibliotecaAppTest" name="shouldDisplayListOfBooksOptionsAfterDisplayingWelcomeMessage" time="0.139" />

      <testcase classname="com.thoughtworks.biblioteca.BibliotecaAppTest" name="shouldDisplaySuccessMessageWhenCheckOutIsSuccessful" time="0.002" />

      <system-out><![CDATA[17:44:37,768 |-INFO in ch.qos.logback.classic.LoggerContext[default] - Could NOT find resource [logback.groovy]
17:44:37,769 |-INFO in ch.qos.logback.classic.LoggerContext[default] - Could NOT find resource [logback-test.xml]
17:44:37,769 |-INFO in ch.qos.logback.classic.LoggerContext[default] - Found resource [logback.xml] at [jar:file:/Users/keerthas/IdeaProjects/Biblioteca/lib/cobertura-2.1.1-sources.jar!/logback.xml]
17:44:37,770 |-WARN in ch.qos.logback.classic.LoggerContext[default] - Resource [logback.xml] occurs multiple times on the classpath.
17:44:37,770 |-WARN in ch.qos.logback.classic.LoggerContext[default] - Resource [logback.xml] occurs at [jar:file:/Users/keerthas/IdeaProjects/Biblioteca/lib/cobertura-2.1.1-sources.jar!/logback.xml]
17:44:37,770 |-WARN in ch.qos.logback.classic.LoggerContext[default] - Resource [logback.xml] occurs at [jar:file:/Users/keerthas/IdeaProjects/Biblioteca/lib/cobertura-2.1.1.jar!/logback.xml]
17:44:37,790 |-INFO in ch.qos.logback.core.joran.spi.ConfigurationWatchList@5adf20ae - URL [jar:file:/Users/keerthas/IdeaProjects/Biblioteca/lib/cobertura-2.1.1-sources.jar!/logback.xml] is not of type file
17:44:37,831 |-INFO in ch.qos.logback.classic.joran.action.ConfigurationAction - debug attribute not set
17:44:37,832 |-INFO in ch.qos.logback.core.joran.action.AppenderAction - About to instantiate appender of type [ch.qos.logback.core.ConsoleAppender]
17:44:37,844 |-INFO in ch.qos.logback.core.joran.action.AppenderAction - Naming appender as [STDOUT]
17:44:37,869 |-INFO in ch.qos.logback.core.joran.action.NestedComplexPropertyIA - Assuming default type [ch.qos.logback.classic.encoder.PatternLayoutEncoder] for [encoder] property
17:44:37,906 |-INFO in ch.qos.logback.classic.joran.action.LoggerAction - Setting level of logger [net.sourceforge.cobertura] to INFO
17:44:37,906 |-INFO in ch.qos.logback.classic.joran.action.RootLoggerAction - Setting level of ROOT logger to DEBUG
17:44:37,906 |-INFO in ch.qos.logback.core.joran.action.AppenderRefAction - Attaching appender named [STDOUT] to Logger[ROOT]
17:44:37,906 |-INFO in ch.qos.logback.classic.joran.action.ConfigurationAction - End of configuration.
17:44:37,907 |-INFO in ch.qos.logback.classic.joran.JoranConfigurator@6edaae1d - Registering current configuration as safe fallback point

]]></system-out>

      <system-err><![CDATA[]]></system-err>

  </testsuite>
  <testsuite errors="0" failures="0" hostname="INkeerthas.local" id="1" name="BibliotecaTest" package="com.thoughtworks.biblioteca" skipped="0" tests="8" time="0.246" timestamp="2015-09-15T12:14:12">
      <properties>
[...]
</properties>

      <testcase classname="com.thoughtworks.biblioteca.BibliotecaTest" name="shouldReturnNegativeIndexIfBookDoesNotExistsInCheckedOutList" time="0.0" />

      <testcase classname="com.thoughtworks.biblioteca.BibliotecaTest" name="shouldAddBookToCheckoutList" time="0.0" />

      <testcase classname="com.thoughtworks.biblioteca.BibliotecaTest" name="shouldRemoveBookFromCheckoutListWhenItIsReturned" time="0.0" />

      <testcase classname="com.thoughtworks.biblioteca.BibliotecaTest" name="shouldRemoveBookFromAvailableList" time="0.0" />

      <testcase classname="com.thoughtworks.biblioteca.BibliotecaTest" name="shouldReturnIndexOfBookInCheckOutList" time="0.0" />

      <testcase classname="com.thoughtworks.biblioteca.BibliotecaTest" name="shouldReturnIndexOfBookInAvailableList" time="0.0" />

      <testcase classname="com.thoughtworks.biblioteca.BibliotecaTest" name="shouldAddBookToAvailableListWhenBookIsReturned" time="0.0" />

      <testcase classname="com.thoughtworks.biblioteca.BibliotecaTest" name="shouldReturnNegativeIndexIfBookDoesNotExistsInAvailableList" time="0.0" />

      <system-out><![CDATA[17:44:12,598 |-INFO in ch.qos.logback.classic.LoggerContext[default] - Could NOT find resource [logback.groovy]
17:44:12,598 |-INFO in ch.qos.logback.classic.LoggerContext[default] - Could NOT find resource [logback-test.xml]
17:44:12,599 |-INFO in ch.qos.logback.classic.LoggerContext[default] - Found resource [logback.xml] at [jar:file:/Users/keerthas/IdeaProjects/Biblioteca/lib/cobertura-2.1.1-sources.jar!/logback.xml]
17:44:12,599 |-WARN in ch.qos.logback.classic.LoggerContext[default] - Resource [logback.xml] occurs multiple times on the classpath.
17:44:12,600 |-WARN in ch.qos.logback.classic.LoggerContext[default] - Resource [logback.xml] occurs at [jar:file:/Users/keerthas/IdeaProjects/Biblioteca/lib/cobertura-2.1.1-sources.jar!/logback.xml]
17:44:12,600 |-WARN in ch.qos.logback.classic.LoggerContext[default] - Resource [logback.xml] occurs at [jar:file:/Users/keerthas/IdeaProjects/Biblioteca/lib/cobertura-2.1.1.jar!/logback.xml]
17:44:12,620 |-INFO in ch.qos.logback.core.joran.spi.ConfigurationWatchList@e068b6a - URL [jar:file:/Users/keerthas/IdeaProjects/Biblioteca/lib/cobertura-2.1.1-sources.jar!/logback.xml] is not of type file
17:44:12,664 |-INFO in ch.qos.logback.classic.joran.action.ConfigurationAction - debug attribute not set
17:44:12,666 |-INFO in ch.qos.logback.core.joran.action.AppenderAction - About to instantiate appender of type [ch.qos.logback.core.ConsoleAppender]
17:44:12,676 |-INFO in ch.qos.logback.core.joran.action.AppenderAction - Naming appender as [STDOUT]
17:44:12,701 |-INFO in ch.qos.logback.core.joran.action.NestedComplexPropertyIA - Assuming default type [ch.qos.logback.classic.encoder.PatternLayoutEncoder] for [encoder] property
17:44:12,740 |-INFO in ch.qos.logback.classic.joran.action.LoggerAction - Setting level of logger [net.sourceforge.cobertura] to INFO
17:44:12,740 |-INFO in ch.qos.logback.classic.joran.action.RootLoggerAction - Setting level of ROOT logger to DEBUG
17:44:12,740 |-INFO in ch.qos.logback.core.joran.action.AppenderRefAction - Attaching appender named [STDOUT] to Logger[ROOT]
17:44:12,740 |-INFO in ch.qos.logback.classic.joran.action.ConfigurationAction - End of configuration.
17:44:12,741 |-INFO in ch.qos.logback.classic.joran.JoranConfigurator@4faae357 - Registering current configuration as safe fallback point

]]></system-out>

      <system-err><![CDATA[]]></system-err>

  </testsuite>
  <testsuite errors="0" failures="0" hostname="INkeerthas.local" id="2" name="BookTest" package="com.thoughtworks.biblioteca" skipped="0" tests="8" time="0.235" timestamp="2015-09-15T12:14:14">
      <properties>
[...]
</properties>

      <testcase classname="com.thoughtworks.biblioteca.BookTest" name="shouldNotBeEqualIfNameISDifferent" time="0.18" />

      <testcase classname="com.thoughtworks.biblioteca.BookTest" name="shouldBeEqualToItself" time="0.0" />

      <testcase classname="com.thoughtworks.biblioteca.BookTest" name="shouldNotBeEqualToAnotherType" time="0.001" />

      <testcase classname="com.thoughtworks.biblioteca.BookTest" name="shouldHaveSameHashCodeForSameBookTitle" time="0.0" />

      <testcase classname="com.thoughtworks.biblioteca.BookTest" name="shouldBeEqualIfAllAttributesAreSame" time="0.0" />

      <testcase classname="com.thoughtworks.biblioteca.BookTest" name="shouldNotBeNull" time="0.0" />

      <testcase classname="com.thoughtworks.biblioteca.BookTest" name="shouldBeEqualToOtherInstanceOfSameClassWithSameName" time="0.0" />

      <testcase classname="com.thoughtworks.biblioteca.BookTest" name="shouldHaveDifferentHashCodeForDifferentBookTitle" time="0.0" />

      <system-out><![CDATA[17:44:14,166 |-INFO in ch.qos.logback.classic.LoggerContext[default] - Could NOT find resource [logback.groovy]
17:44:14,166 |-INFO in ch.qos.logback.classic.LoggerContext[default] - Could NOT find resource [logback-test.xml]
17:44:14,167 |-INFO in ch.qos.logback.classic.LoggerContext[default] - Found resource [logback.xml] at [jar:file:/Users/keerthas/IdeaProjects/Biblioteca/lib/cobertura-2.1.1-sources.jar!/logback.xml]
17:44:14,167 |-WARN in ch.qos.logback.classic.LoggerContext[default] - Resource [logback.xml] occurs multiple times on the classpath.
17:44:14,167 |-WARN in ch.qos.logback.classic.LoggerContext[default] - Resource [logback.xml] occurs at [jar:file:/Users/keerthas/IdeaProjects/Biblioteca/lib/cobertura-2.1.1-sources.jar!/logback.xml]
17:44:14,168 |-WARN in ch.qos.logback.classic.LoggerContext[default] - Resource [logback.xml] occurs at [jar:file:/Users/keerthas/IdeaProjects/Biblioteca/lib/cobertura-2.1.1.jar!/logback.xml]
17:44:14,188 |-INFO in ch.qos.logback.core.joran.spi.ConfigurationWatchList@5e36d9e4 - URL [jar:file:/Users/keerthas/IdeaProjects/Biblioteca/lib/cobertura-2.1.1-sources.jar!/logback.xml] is not of type file
17:44:14,227 |-INFO in ch.qos.logback.classic.joran.action.ConfigurationAction - debug attribute not set
17:44:14,229 |-INFO in ch.qos.logback.core.joran.action.AppenderAction - About to instantiate appender of type [ch.qos.logback.core.ConsoleAppender]
17:44:14,239 |-INFO in ch.qos.logback.core.joran.action.AppenderAction - Naming appender as [STDOUT]
17:44:14,262 |-INFO in ch.qos.logback.core.joran.action.NestedComplexPropertyIA - Assuming default type [ch.qos.logback.classic.encoder.PatternLayoutEncoder] for [encoder] property
17:44:14,298 |-INFO in ch.qos.logback.classic.joran.action.LoggerAction - Setting level of logger [net.sourceforge.cobertura] to INFO
17:44:14,299 |-INFO in ch.qos.logback.classic.joran.action.RootLoggerAction - Setting level of ROOT logger to DEBUG
17:44:14,299 |-INFO in ch.qos.logback.core.joran.action.AppenderRefAction - Attaching appender named [STDOUT] to Logger[ROOT]
17:44:14,299 |-INFO in ch.qos.logback.classic.joran.action.ConfigurationAction - End of configuration.
17:44:14,300 |-INFO in ch.qos.logback.classic.joran.JoranConfigurator@631b380e - Registering current configuration as safe fallback point

]]></system-out>

      <system-err><![CDATA[]]></system-err>

  </testsuite>
  <testsuite errors="0" failures="0" hostname="INkeerthas.local" id="3" name="BookViewTest" package="com.thoughtworks.biblioteca" skipped="0" tests="1" time="0.284" timestamp="2015-09-15T12:14:15">
      <properties>
[...]
</properties>

      <testcase classname="com.thoughtworks.biblioteca.BookViewTest" name="shouldReturnListOfBooks" time="0.003" />

      <system-out><![CDATA[17:44:15,782 |-INFO in ch.qos.logback.classic.LoggerContext[default] - Could NOT find resource [logback.groovy]
17:44:15,782 |-INFO in ch.qos.logback.classic.LoggerContext[default] - Could NOT find resource [logback-test.xml]
17:44:15,783 |-INFO in ch.qos.logback.classic.LoggerContext[default] - Found resource [logback.xml] at [jar:file:/Users/keerthas/IdeaProjects/Biblioteca/lib/cobertura-2.1.1-sources.jar!/logback.xml]
17:44:15,784 |-WARN in ch.qos.logback.classic.LoggerContext[default] - Resource [logback.xml] occurs multiple times on the classpath.
17:44:15,784 |-WARN in ch.qos.logback.classic.LoggerContext[default] - Resource [logback.xml] occurs at [jar:file:/Users/keerthas/IdeaProjects/Biblioteca/lib/cobertura-2.1.1-sources.jar!/logback.xml]
17:44:15,784 |-WARN in ch.qos.logback.classic.LoggerContext[default] - Resource [logback.xml] occurs at [jar:file:/Users/keerthas/IdeaProjects/Biblioteca/lib/cobertura-2.1.1.jar!/logback.xml]
17:44:15,807 |-INFO in ch.qos.logback.core.joran.spi.ConfigurationWatchList@611c3b04 - URL [jar:file:/Users/keerthas/IdeaProjects/Biblioteca/lib/cobertura-2.1.1-sources.jar!/logback.xml] is not of type file
17:44:15,855 |-INFO in ch.qos.logback.classic.joran.action.ConfigurationAction - debug attribute not set
17:44:15,856 |-INFO in ch.qos.logback.core.joran.action.AppenderAction - About to instantiate appender of type [ch.qos.logback.core.ConsoleAppender]
17:44:15,868 |-INFO in ch.qos.logback.core.joran.action.AppenderAction - Naming appender as [STDOUT]
17:44:15,899 |-INFO in ch.qos.logback.core.joran.action.NestedComplexPropertyIA - Assuming default type [ch.qos.logback.classic.encoder.PatternLayoutEncoder] for [encoder] property
17:44:15,943 |-INFO in ch.qos.logback.classic.joran.action.LoggerAction - Setting level of logger [net.sourceforge.cobertura] to INFO
17:44:15,943 |-INFO in ch.qos.logback.classic.joran.action.RootLoggerAction - Setting level of ROOT logger to DEBUG
17:44:15,944 |-INFO in ch.qos.logback.core.joran.action.AppenderRefAction - Attaching appender named [STDOUT] to Logger[ROOT]
17:44:15,944 |-INFO in ch.qos.logback.classic.joran.action.ConfigurationAction - End of configuration.
17:44:15,945 |-INFO in ch.qos.logback.classic.joran.JoranConfigurator@466b56b - Registering current configuration as safe fallback point

]]></system-out>

      <system-err><![CDATA[]]></system-err>

  </testsuite>
  <testsuite errors="0" failures="0" hostname="INkeerthas.local" id="4" name="CheckOutBooksMenuOptionTest" package="com.thoughtworks.biblioteca" skipped="0" tests="4" time="0.243" timestamp="2015-09-15T12:14:17">
      <properties>
[...]
</properties>

      <testcase classname="com.thoughtworks.biblioteca.CheckOutBooksMenuOptionTest" name="shouldPrintMessageForSuccessfulCheckout" time="0.007" />

      <testcase classname="com.thoughtworks.biblioteca.CheckOutBooksMenuOptionTest" name="shouldPrintMessageForUnsuccessfulCheckout" time="0.0" />

      <testcase classname="com.thoughtworks.biblioteca.CheckOutBooksMenuOptionTest" name="shouldCheckoutBookIfTheBookListContains" time="0.001" />

      <testcase classname="com.thoughtworks.biblioteca.CheckOutBooksMenuOptionTest" name="shouldNotCheckoutBookIfTheBookListDoesNotContain" time="0.001" />

      <system-out><![CDATA[17:44:17,364 |-INFO in ch.qos.logback.classic.LoggerContext[default] - Could NOT find resource [logback.groovy]
17:44:17,364 |-INFO in ch.qos.logback.classic.LoggerContext[default] - Could NOT find resource [logback-test.xml]
17:44:17,364 |-INFO in ch.qos.logback.classic.LoggerContext[default] - Found resource [logback.xml] at [jar:file:/Users/keerthas/IdeaProjects/Biblioteca/lib/cobertura-2.1.1-sources.jar!/logback.xml]
17:44:17,365 |-WARN in ch.qos.logback.classic.LoggerContext[default] - Resource [logback.xml] occurs multiple times on the classpath.
17:44:17,365 |-WARN in ch.qos.logback.classic.LoggerContext[default] - Resource [logback.xml] occurs at [jar:file:/Users/keerthas/IdeaProjects/Biblioteca/lib/cobertura-2.1.1-sources.jar!/logback.xml]
17:44:17,365 |-WARN in ch.qos.logback.classic.LoggerContext[default] - Resource [logback.xml] occurs at [jar:file:/Users/keerthas/IdeaProjects/Biblioteca/lib/cobertura-2.1.1.jar!/logback.xml]
17:44:17,386 |-INFO in ch.qos.logback.core.joran.spi.ConfigurationWatchList@137a1f08 - URL [jar:file:/Users/keerthas/IdeaProjects/Biblioteca/lib/cobertura-2.1.1-sources.jar!/logback.xml] is not of type file
17:44:17,426 |-INFO in ch.qos.logback.classic.joran.action.ConfigurationAction - debug attribute not set
17:44:17,428 |-INFO in ch.qos.logback.core.joran.action.AppenderAction - About to instantiate appender of type [ch.qos.logback.core.ConsoleAppender]
17:44:17,437 |-INFO in ch.qos.logback.core.joran.action.AppenderAction - Naming appender as [STDOUT]
17:44:17,461 |-INFO in ch.qos.logback.core.joran.action.NestedComplexPropertyIA - Assuming default type [ch.qos.logback.classic.encoder.PatternLayoutEncoder] for [encoder] property
17:44:17,499 |-INFO in ch.qos.logback.classic.joran.action.LoggerAction - Setting level of logger [net.sourceforge.cobertura] to INFO
17:44:17,499 |-INFO in ch.qos.logback.classic.joran.action.RootLoggerAction - Setting level of ROOT logger to DEBUG
17:44:17,499 |-INFO in ch.qos.logback.core.joran.action.AppenderRefAction - Attaching appender named [STDOUT] to Logger[ROOT]
17:44:17,500 |-INFO in ch.qos.logback.classic.joran.action.ConfigurationAction - End of configuration.
17:44:17,501 |-INFO in ch.qos.logback.classic.joran.JoranConfigurator@368b5035 - Registering current configuration as safe fallback point

]]></system-out>

      <system-err><![CDATA[]]></system-err>

  </testsuite>
  <testsuite errors="0" failures="0" hostname="INkeerthas.local" id="5" name="CheckOutMoviesMenuOptionTest" package="com.thoughtworks.biblioteca" skipped="0" tests="2" time="0.243" timestamp="2015-09-15T12:14:18">
      <properties>
[...]
</properties>

      <testcase classname="com.thoughtworks.biblioteca.CheckOutMoviesMenuOptionTest" name="shouldNotCheckoutMovieIfTheMovieListDoesNotContain" time="0.005" />

      <testcase classname="com.thoughtworks.biblioteca.CheckOutMoviesMenuOptionTest" name="shouldCheckoutMovieIfTheMovieIsInAvailableList" time="0.0" />

      <system-out><![CDATA[17:44:18,925 |-INFO in ch.qos.logback.classic.LoggerContext[default] - Could NOT find resource [logback.groovy]
17:44:18,925 |-INFO in ch.qos.logback.classic.LoggerContext[default] - Could NOT find resource [logback-test.xml]
17:44:18,925 |-INFO in ch.qos.logback.classic.LoggerContext[default] - Found resource [logback.xml] at [jar:file:/Users/keerthas/IdeaProjects/Biblioteca/lib/cobertura-2.1.1-sources.jar!/logback.xml]
17:44:18,926 |-WARN in ch.qos.logback.classic.LoggerContext[default] - Resource [logback.xml] occurs multiple times on the classpath.
17:44:18,926 |-WARN in ch.qos.logback.classic.LoggerContext[default] - Resource [logback.xml] occurs at [jar:file:/Users/keerthas/IdeaProjects/Biblioteca/lib/cobertura-2.1.1-sources.jar!/logback.xml]
17:44:18,926 |-WARN in ch.qos.logback.classic.LoggerContext[default] - Resource [logback.xml] occurs at [jar:file:/Users/keerthas/IdeaProjects/Biblioteca/lib/cobertura-2.1.1.jar!/logback.xml]
17:44:18,947 |-INFO in ch.qos.logback.core.joran.spi.ConfigurationWatchList@5a73fe03 - URL [jar:file:/Users/keerthas/IdeaProjects/Biblioteca/lib/cobertura-2.1.1-sources.jar!/logback.xml] is not of type file
17:44:18,987 |-INFO in ch.qos.logback.classic.joran.action.ConfigurationAction - debug attribute not set
17:44:18,988 |-INFO in ch.qos.logback.core.joran.action.AppenderAction - About to instantiate appender of type [ch.qos.logback.core.ConsoleAppender]
17:44:18,998 |-INFO in ch.qos.logback.core.joran.action.AppenderAction - Naming appender as [STDOUT]
17:44:19,022 |-INFO in ch.qos.logback.core.joran.action.NestedComplexPropertyIA - Assuming default type [ch.qos.logback.classic.encoder.PatternLayoutEncoder] for [encoder] property
17:44:19,065 |-INFO in ch.qos.logback.classic.joran.action.LoggerAction - Setting level of logger [net.sourceforge.cobertura] to INFO
17:44:19,065 |-INFO in ch.qos.logback.classic.joran.action.RootLoggerAction - Setting level of ROOT logger to DEBUG
17:44:19,065 |-INFO in ch.qos.logback.core.joran.action.AppenderRefAction - Attaching appender named [STDOUT] to Logger[ROOT]
17:44:19,066 |-INFO in ch.qos.logback.classic.joran.action.ConfigurationAction - End of configuration.
17:44:19,067 |-INFO in ch.qos.logback.classic.joran.JoranConfigurator@7529a559 - Registering current configuration as safe fallback point

]]></system-out>

      <system-err><![CDATA[]]></system-err>

  </testsuite>
  <testsuite errors="0" failures="0" hostname="INkeerthas.local" id="6" name="CheckedOutBookTest" package="com.thoughtworks.biblioteca" skipped="0" tests="1" time="0.239" timestamp="2015-09-15T12:14:20">
      <properties>
[...]
</properties>

      <testcase classname="com.thoughtworks.biblioteca.CheckedOutBookTest" name="shouldReturnHeaderDetailsOfBookAndUserName" time="0.188" />

      <system-out><![CDATA[17:44:20,496 |-INFO in ch.qos.logback.classic.LoggerContext[default] - Could NOT find resource [logback.groovy]
17:44:20,496 |-INFO in ch.qos.logback.classic.LoggerContext[default] - Could NOT find resource [logback-test.xml]
17:44:20,496 |-INFO in ch.qos.logback.classic.LoggerContext[default] - Found resource [logback.xml] at [jar:file:/Users/keerthas/IdeaProjects/Biblioteca/lib/cobertura-2.1.1-sources.jar!/logback.xml]
17:44:20,497 |-WARN in ch.qos.logback.classic.LoggerContext[default] - Resource [logback.xml] occurs multiple times on the classpath.
17:44:20,497 |-WARN in ch.qos.logback.classic.LoggerContext[default] - Resource [logback.xml] occurs at [jar:file:/Users/keerthas/IdeaProjects/Biblioteca/lib/cobertura-2.1.1-sources.jar!/logback.xml]
17:44:20,497 |-WARN in ch.qos.logback.classic.LoggerContext[default] - Resource [logback.xml] occurs at [jar:file:/Users/keerthas/IdeaProjects/Biblioteca/lib/cobertura-2.1.1.jar!/logback.xml]
17:44:20,518 |-INFO in ch.qos.logback.core.joran.spi.ConfigurationWatchList@73354684 - URL [jar:file:/Users/keerthas/IdeaProjects/Biblioteca/lib/cobertura-2.1.1-sources.jar!/logback.xml] is not of type file
17:44:20,559 |-INFO in ch.qos.logback.classic.joran.action.ConfigurationAction - debug attribute not set
17:44:20,561 |-INFO in ch.qos.logback.core.joran.action.AppenderAction - About to instantiate appender of type [ch.qos.logback.core.ConsoleAppender]
17:44:20,570 |-INFO in ch.qos.logback.core.joran.action.AppenderAction - Naming appender as [STDOUT]
17:44:20,594 |-INFO in ch.qos.logback.core.joran.action.NestedComplexPropertyIA - Assuming default type [ch.qos.logback.classic.encoder.PatternLayoutEncoder] for [encoder] property
17:44:20,630 |-INFO in ch.qos.logback.classic.joran.action.LoggerAction - Setting level of logger [net.sourceforge.cobertura] to INFO
17:44:20,630 |-INFO in ch.qos.logback.classic.joran.action.RootLoggerAction - Setting level of ROOT logger to DEBUG
17:44:20,630 |-INFO in ch.qos.logback.core.joran.action.AppenderRefAction - Attaching appender named [STDOUT] to Logger[ROOT]
17:44:20,630 |-INFO in ch.qos.logback.classic.joran.action.ConfigurationAction - End of configuration.
17:44:20,631 |-INFO in ch.qos.logback.classic.joran.JoranConfigurator@2ea8bf33 - Registering current configuration as safe fallback point

]]></system-out>

      <system-err><![CDATA[]]></system-err>

  </testsuite>
  <testsuite errors="0" failures="0" hostname="INkeerthas.local" id="7" name="ConsoleDisplayTest" package="com.thoughtworks.biblioteca" skipped="0" tests="4" time="0.24" timestamp="2015-09-15T12:14:21">
      <properties>
[...]
</properties>

      <testcase classname="com.thoughtworks.biblioteca.ConsoleDisplayTest" name="shouldGetMenuOptionFromUser" time="0.003" />

      <testcase classname="com.thoughtworks.biblioteca.ConsoleDisplayTest" name="shouldPrintTheListOfBooks" time="0.0" />

      <testcase classname="com.thoughtworks.biblioteca.ConsoleDisplayTest" name="shouldGetStringInputFromUser" time="0.0" />

      <testcase classname="com.thoughtworks.biblioteca.ConsoleDisplayTest" name="shouldPrintTheWelcomeMessagePassed" time="0.0" />

      <system-out><![CDATA[17:44:22,043 |-INFO in ch.qos.logback.classic.LoggerContext[default] - Could NOT find resource [logback.groovy]
17:44:22,043 |-INFO in ch.qos.logback.classic.LoggerContext[default] - Could NOT find resource [logback-test.xml]
17:44:22,043 |-INFO in ch.qos.logback.classic.LoggerContext[default] - Found resource [logback.xml] at [jar:file:/Users/keerthas/IdeaProjects/Biblioteca/lib/cobertura-2.1.1-sources.jar!/logback.xml]
17:44:22,044 |-WARN in ch.qos.logback.classic.LoggerContext[default] - Resource [logback.xml] occurs multiple times on the classpath.
17:44:22,044 |-WARN in ch.qos.logback.classic.LoggerContext[default] - Resource [logback.xml] occurs at [jar:file:/Users/keerthas/IdeaProjects/Biblioteca/lib/cobertura-2.1.1-sources.jar!/logback.xml]
17:44:22,044 |-WARN in ch.qos.logback.classic.LoggerContext[default] - Resource [logback.xml] occurs at [jar:file:/Users/keerthas/IdeaProjects/Biblioteca/lib/cobertura-2.1.1.jar!/logback.xml]
17:44:22,065 |-INFO in ch.qos.logback.core.joran.spi.ConfigurationWatchList@266bdc57 - URL [jar:file:/Users/keerthas/IdeaProjects/Biblioteca/lib/cobertura-2.1.1-sources.jar!/logback.xml] is not of type file
17:44:22,109 |-INFO in ch.qos.logback.classic.joran.action.ConfigurationAction - debug attribute not set
17:44:22,111 |-INFO in ch.qos.logback.core.joran.action.AppenderAction - About to instantiate appender of type [ch.qos.logback.core.ConsoleAppender]
17:44:22,120 |-INFO in ch.qos.logback.core.joran.action.AppenderAction - Naming appender as [STDOUT]
17:44:22,145 |-INFO in ch.qos.logback.core.joran.action.NestedComplexPropertyIA - Assuming default type [ch.qos.logback.classic.encoder.PatternLayoutEncoder] for [encoder] property
17:44:22,182 |-INFO in ch.qos.logback.classic.joran.action.LoggerAction - Setting level of logger [net.sourceforge.cobertura] to INFO
17:44:22,182 |-INFO in ch.qos.logback.classic.joran.action.RootLoggerAction - Setting level of ROOT logger to DEBUG
17:44:22,182 |-INFO in ch.qos.logback.core.joran.action.AppenderRefAction - Attaching appender named [STDOUT] to Logger[ROOT]
17:44:22,183 |-INFO in ch.qos.logback.classic.joran.action.ConfigurationAction - End of configuration.
17:44:22,183 |-INFO in ch.qos.logback.classic.joran.JoranConfigurator@734ee775 - Registering current configuration as safe fallback point

]]></system-out>

      <system-err><![CDATA[]]></system-err>

  </testsuite>
  <testsuite errors="0" failures="0" hostname="INkeerthas.local" id="8" name="InvalidMenuOptionTest" package="com.thoughtworks.biblioteca" skipped="0" tests="1" time="0.237" timestamp="2015-09-15T12:14:23">
      <properties>
[...]
</properties>

      <testcase classname="com.thoughtworks.biblioteca.InvalidMenuOptionTest" name="shouldDisplayInvalidMenuMessage" time="0.186" />

      <system-out><![CDATA[17:44:23,611 |-INFO in ch.qos.logback.classic.LoggerContext[default] - Could NOT find resource [logback.groovy]
17:44:23,611 |-INFO in ch.qos.logback.classic.LoggerContext[default] - Could NOT find resource [logback-test.xml]
17:44:23,611 |-INFO in ch.qos.logback.classic.LoggerContext[default] - Found resource [logback.xml] at [jar:file:/Users/keerthas/IdeaProjects/Biblioteca/lib/cobertura-2.1.1-sources.jar!/logback.xml]
17:44:23,612 |-WARN in ch.qos.logback.classic.LoggerContext[default] - Resource [logback.xml] occurs multiple times on the classpath.
17:44:23,612 |-WARN in ch.qos.logback.classic.LoggerContext[default] - Resource [logback.xml] occurs at [jar:file:/Users/keerthas/IdeaProjects/Biblioteca/lib/cobertura-2.1.1-sources.jar!/logback.xml]
17:44:23,612 |-WARN in ch.qos.logback.classic.LoggerContext[default] - Resource [logback.xml] occurs at [jar:file:/Users/keerthas/IdeaProjects/Biblioteca/lib/cobertura-2.1.1.jar!/logback.xml]
17:44:23,632 |-INFO in ch.qos.logback.core.joran.spi.ConfigurationWatchList@4b1aeb38 - URL [jar:file:/Users/keerthas/IdeaProjects/Biblioteca/lib/cobertura-2.1.1-sources.jar!/logback.xml] is not of type file
17:44:23,676 |-INFO in ch.qos.logback.classic.joran.action.ConfigurationAction - debug attribute not set
17:44:23,677 |-INFO in ch.qos.logback.core.joran.action.AppenderAction - About to instantiate appender of type [ch.qos.logback.core.ConsoleAppender]
17:44:23,687 |-INFO in ch.qos.logback.core.joran.action.AppenderAction - Naming appender as [STDOUT]
17:44:23,711 |-INFO in ch.qos.logback.core.joran.action.NestedComplexPropertyIA - Assuming default type [ch.qos.logback.classic.encoder.PatternLayoutEncoder] for [encoder] property
17:44:23,748 |-INFO in ch.qos.logback.classic.joran.action.LoggerAction - Setting level of logger [net.sourceforge.cobertura] to INFO
17:44:23,749 |-INFO in ch.qos.logback.classic.joran.action.RootLoggerAction - Setting level of ROOT logger to DEBUG
17:44:23,749 |-INFO in ch.qos.logback.core.joran.action.AppenderRefAction - Attaching appender named [STDOUT] to Logger[ROOT]
17:44:23,749 |-INFO in ch.qos.logback.classic.joran.action.ConfigurationAction - End of configuration.
17:44:23,750 |-INFO in ch.qos.logback.classic.joran.JoranConfigurator@5448d00d - Registering current configuration as safe fallback point

]]></system-out>

      <system-err><![CDATA[]]></system-err>

  </testsuite>
  <testsuite errors="0" failures="0" hostname="INkeerthas.local" id="9" name="ListLibraryItemMenuOptionTest" package="com.thoughtworks.biblioteca" skipped="0" tests="1" time="0.234" timestamp="2015-09-15T12:14:25">
      <properties>
[...]
</properties>

      <testcase classname="com.thoughtworks.biblioteca.ListLibraryItemMenuOptionTest" name="shouldDisplayListOfBooks" time="0.002" />

      <system-out><![CDATA[17:44:25,160 |-INFO in ch.qos.logback.classic.LoggerContext[default] - Could NOT find resource [logback.groovy]
17:44:25,161 |-INFO in ch.qos.logback.classic.LoggerContext[default] - Could NOT find resource [logback-test.xml]
17:44:25,161 |-INFO in ch.qos.logback.classic.LoggerContext[default] - Found resource [logback.xml] at [jar:file:/Users/keerthas/IdeaProjects/Biblioteca/lib/cobertura-2.1.1-sources.jar!/logback.xml]
17:44:25,162 |-WARN in ch.qos.logback.classic.LoggerContext[default] - Resource [logback.xml] occurs multiple times on the classpath.
17:44:25,162 |-WARN in ch.qos.logback.classic.LoggerContext[default] - Resource [logback.xml] occurs at [jar:file:/Users/keerthas/IdeaProjects/Biblioteca/lib/cobertura-2.1.1-sources.jar!/logback.xml]
17:44:25,162 |-WARN in ch.qos.logback.classic.LoggerContext[default] - Resource [logback.xml] occurs at [jar:file:/Users/keerthas/IdeaProjects/Biblioteca/lib/cobertura-2.1.1.jar!/logback.xml]
17:44:25,182 |-INFO in ch.qos.logback.core.joran.spi.ConfigurationWatchList@62679e87 - URL [jar:file:/Users/keerthas/IdeaProjects/Biblioteca/lib/cobertura-2.1.1-sources.jar!/logback.xml] is not of type file
17:44:25,223 |-INFO in ch.qos.logback.classic.joran.action.ConfigurationAction - debug attribute not set
17:44:25,225 |-INFO in ch.qos.logback.core.joran.action.AppenderAction - About to instantiate appender of type [ch.qos.logback.core.ConsoleAppender]
17:44:25,234 |-INFO in ch.qos.logback.core.joran.action.AppenderAction - Naming appender as [STDOUT]
17:44:25,258 |-INFO in ch.qos.logback.core.joran.action.NestedComplexPropertyIA - Assuming default type [ch.qos.logback.classic.encoder.PatternLayoutEncoder] for [encoder] property
17:44:25,295 |-INFO in ch.qos.logback.classic.joran.action.LoggerAction - Setting level of logger [net.sourceforge.cobertura] to INFO
17:44:25,295 |-INFO in ch.qos.logback.classic.joran.action.RootLoggerAction - Setting level of ROOT logger to DEBUG
17:44:25,295 |-INFO in ch.qos.logback.core.joran.action.AppenderRefAction - Attaching appender named [STDOUT] to Logger[ROOT]
17:44:25,296 |-INFO in ch.qos.logback.classic.joran.action.ConfigurationAction - End of configuration.
17:44:25,297 |-INFO in ch.qos.logback.classic.joran.JoranConfigurator@d8e38a - Registering current configuration as safe fallback point

]]></system-out>

      <system-err><![CDATA[]]></system-err>

  </testsuite>
  <testsuite errors="0" failures="0" hostname="INkeerthas.local" id="10" name="MenuOptionControllerTest" package="com.thoughtworks.biblioteca" skipped="0" tests="7" time="0.259" timestamp="2015-09-15T12:14:26">
      <properties>
[...]
</properties>

      <testcase classname="com.thoughtworks.biblioteca.MenuOptionControllerTest" name="shouldHandleListOfBooksOption" time="0.003" />

      <testcase classname="com.thoughtworks.biblioteca.MenuOptionControllerTest" name="shouldHandleInvalidMenuOption" time="0.001" />

      <testcase classname="com.thoughtworks.biblioteca.MenuOptionControllerTest" name="shouldCallCheckOutBookForOption3" time="0.003" />

      <testcase classname="com.thoughtworks.biblioteca.MenuOptionControllerTest" name="shouldListMenuItemToDisplayListOfMovies" time="0.0" />

      <testcase classname="com.thoughtworks.biblioteca.MenuOptionControllerTest" name="shouldCallCheckOutMovieForOption6" time="0.001" />

      <testcase classname="com.thoughtworks.biblioteca.MenuOptionControllerTest" name="shouldDisplayMenuOptions" time="0.0" />

      <testcase classname="com.thoughtworks.biblioteca.MenuOptionControllerTest" name="shouldCallReturnBookForOption4" time="0.001" />

      <system-out><![CDATA[17:44:26,726 |-INFO in ch.qos.logback.classic.LoggerContext[default] - Could NOT find resource [logback.groovy]
17:44:26,726 |-INFO in ch.qos.logback.classic.LoggerContext[default] - Could NOT find resource [logback-test.xml]
17:44:26,727 |-INFO in ch.qos.logback.classic.LoggerContext[default] - Found resource [logback.xml] at [jar:file:/Users/keerthas/IdeaProjects/Biblioteca/lib/cobertura-2.1.1-sources.jar!/logback.xml]
17:44:26,727 |-WARN in ch.qos.logback.classic.LoggerContext[default] - Resource [logback.xml] occurs multiple times on the classpath.
17:44:26,728 |-WARN in ch.qos.logback.classic.LoggerContext[default] - Resource [logback.xml] occurs at [jar:file:/Users/keerthas/IdeaProjects/Biblioteca/lib/cobertura-2.1.1-sources.jar!/logback.xml]
17:44:26,728 |-WARN in ch.qos.logback.classic.LoggerContext[default] - Resource [logback.xml] occurs at [jar:file:/Users/keerthas/IdeaProjects/Biblioteca/lib/cobertura-2.1.1.jar!/logback.xml]
17:44:26,748 |-INFO in ch.qos.logback.core.joran.spi.ConfigurationWatchList@5aa8a3a6 - URL [jar:file:/Users/keerthas/IdeaProjects/Biblioteca/lib/cobertura-2.1.1-sources.jar!/logback.xml] is not of type file
17:44:26,791 |-INFO in ch.qos.logback.classic.joran.action.ConfigurationAction - debug attribute not set
17:44:26,793 |-INFO in ch.qos.logback.core.joran.action.AppenderAction - About to instantiate appender of type [ch.qos.logback.core.ConsoleAppender]
17:44:26,802 |-INFO in ch.qos.logback.core.joran.action.AppenderAction - Naming appender as [STDOUT]
17:44:26,826 |-INFO in ch.qos.logback.core.joran.action.NestedComplexPropertyIA - Assuming default type [ch.qos.logback.classic.encoder.PatternLayoutEncoder] for [encoder] property
17:44:26,864 |-INFO in ch.qos.logback.classic.joran.action.LoggerAction - Setting level of logger [net.sourceforge.cobertura] to INFO
17:44:26,864 |-INFO in ch.qos.logback.classic.joran.action.RootLoggerAction - Setting level of ROOT logger to DEBUG
17:44:26,864 |-INFO in ch.qos.logback.core.joran.action.AppenderRefAction - Attaching appender named [STDOUT] to Logger[ROOT]
17:44:26,865 |-INFO in ch.qos.logback.classic.joran.action.ConfigurationAction - End of configuration.
17:44:26,866 |-INFO in ch.qos.logback.classic.joran.JoranConfigurator@759015c9 - Registering current configuration as safe fallback point

]]></system-out>

      <system-err><![CDATA[]]></system-err>

  </testsuite>
  <testsuite errors="0" failures="0" hostname="INkeerthas.local" id="11" name="MenuTest" package="com.thoughtworks.biblioteca" skipped="0" tests="2" time="0.373" timestamp="2015-09-15T12:14:28">
      <properties>
[...]
</properties>

      <testcase classname="com.thoughtworks.biblioteca.MenuTest" name="shouldHandleListOfBooksOption" time="0.322" />

      <testcase classname="com.thoughtworks.biblioteca.MenuTest" name="shouldReturnTheListOFMenuOptions" time="0.0" />

      <system-out><![CDATA[17:44:28,439 |-INFO in ch.qos.logback.classic.LoggerContext[default] - Could NOT find resource [logback.groovy]
17:44:28,439 |-INFO in ch.qos.logback.classic.LoggerContext[default] - Could NOT find resource [logback-test.xml]
17:44:28,439 |-INFO in ch.qos.logback.classic.LoggerContext[default] - Found resource [logback.xml] at [jar:file:/Users/keerthas/IdeaProjects/Biblioteca/lib/cobertura-2.1.1-sources.jar!/logback.xml]
17:44:28,440 |-WARN in ch.qos.logback.classic.LoggerContext[default] - Resource [logback.xml] occurs multiple times on the classpath.
17:44:28,440 |-WARN in ch.qos.logback.classic.LoggerContext[default] - Resource [logback.xml] occurs at [jar:file:/Users/keerthas/IdeaProjects/Biblioteca/lib/cobertura-2.1.1-sources.jar!/logback.xml]
17:44:28,440 |-WARN in ch.qos.logback.classic.LoggerContext[default] - Resource [logback.xml] occurs at [jar:file:/Users/keerthas/IdeaProjects/Biblioteca/lib/cobertura-2.1.1.jar!/logback.xml]
17:44:28,454 |-INFO in ch.qos.logback.core.joran.spi.ConfigurationWatchList@796a9a4c - URL [jar:file:/Users/keerthas/IdeaProjects/Biblioteca/lib/cobertura-2.1.1-sources.jar!/logback.xml] is not of type file
17:44:28,493 |-INFO in ch.qos.logback.classic.joran.action.ConfigurationAction - debug attribute not set
17:44:28,494 |-INFO in ch.qos.logback.core.joran.action.AppenderAction - About to instantiate appender of type [ch.qos.logback.core.ConsoleAppender]
17:44:28,502 |-INFO in ch.qos.logback.core.joran.action.AppenderAction - Naming appender as [STDOUT]
17:44:28,522 |-INFO in ch.qos.logback.core.joran.action.NestedComplexPropertyIA - Assuming default type [ch.qos.logback.classic.encoder.PatternLayoutEncoder] for [encoder] property
17:44:28,559 |-INFO in ch.qos.logback.classic.joran.action.LoggerAction - Setting level of logger [net.sourceforge.cobertura] to INFO
17:44:28,559 |-INFO in ch.qos.logback.classic.joran.action.RootLoggerAction - Setting level of ROOT logger to DEBUG
17:44:28,559 |-INFO in ch.qos.logback.core.joran.action.AppenderRefAction - Attaching appender named [STDOUT] to Logger[ROOT]
17:44:28,560 |-INFO in ch.qos.logback.classic.joran.action.ConfigurationAction - End of configuration.
17:44:28,561 |-INFO in ch.qos.logback.classic.joran.JoranConfigurator@45b831da - Registering current configuration as safe fallback point

]]></system-out>

      <system-err><![CDATA[]]></system-err>

  </testsuite>
  <testsuite errors="0" failures="0" hostname="INkeerthas.local" id="12" name="MovieTest" package="com.thoughtworks.biblioteca" skipped="0" tests="7" time="0.233" timestamp="2015-09-15T12:14:29">
      <properties>
[...]
</properties>

      <testcase classname="com.thoughtworks.biblioteca.MovieTest" name="shouldNotBeEqualIfNameISDifferent" time="0.181" />

      <testcase classname="com.thoughtworks.biblioteca.MovieTest" name="shouldHaveSameHashCodeForSameMovieName" time="0.0" />

      <testcase classname="com.thoughtworks.biblioteca.MovieTest" name="shouldNotCompareWithObjectOfAnotherClass" time="0.0" />

      <testcase classname="com.thoughtworks.biblioteca.MovieTest" name="shouldCompareMovieToItself" time="0.0" />

      <testcase classname="com.thoughtworks.biblioteca.MovieTest" name="shouldNotBeNull" time="0.0" />

      <testcase classname="com.thoughtworks.biblioteca.MovieTest" name="shouldBeEqualToOtherInstanceOfSameClassWithSameName" time="0.0" />

      <testcase classname="com.thoughtworks.biblioteca.MovieTest" name="shouldHaveDifferentHashCodeForDifferentMovieName" time="0.0" />

      <system-out><![CDATA[17:44:29,999 |-INFO in ch.qos.logback.classic.LoggerContext[default] - Could NOT find resource [logback.groovy]
17:44:29,999 |-INFO in ch.qos.logback.classic.LoggerContext[default] - Could NOT find resource [logback-test.xml]
17:44:29,999 |-INFO in ch.qos.logback.classic.LoggerContext[default] - Found resource [logback.xml] at [jar:file:/Users/keerthas/IdeaProjects/Biblioteca/lib/cobertura-2.1.1-sources.jar!/logback.xml]
17:44:30,000 |-WARN in ch.qos.logback.classic.LoggerContext[default] - Resource [logback.xml] occurs multiple times on the classpath.
17:44:30,001 |-WARN in ch.qos.logback.classic.LoggerContext[default] - Resource [logback.xml] occurs at [jar:file:/Users/keerthas/IdeaProjects/Biblioteca/lib/cobertura-2.1.1-sources.jar!/logback.xml]
17:44:30,001 |-WARN in ch.qos.logback.classic.LoggerContext[default] - Resource [logback.xml] occurs at [jar:file:/Users/keerthas/IdeaProjects/Biblioteca/lib/cobertura-2.1.1.jar!/logback.xml]
17:44:30,020 |-INFO in ch.qos.logback.core.joran.spi.ConfigurationWatchList@ffd51f7 - URL [jar:file:/Users/keerthas/IdeaProjects/Biblioteca/lib/cobertura-2.1.1-sources.jar!/logback.xml] is not of type file
17:44:30,060 |-INFO in ch.qos.logback.classic.joran.action.ConfigurationAction - debug attribute not set
17:44:30,062 |-INFO in ch.qos.logback.core.joran.action.AppenderAction - About to instantiate appender of type [ch.qos.logback.core.ConsoleAppender]
17:44:30,072 |-INFO in ch.qos.logback.core.joran.action.AppenderAction - Naming appender as [STDOUT]
17:44:30,095 |-INFO in ch.qos.logback.core.joran.action.NestedComplexPropertyIA - Assuming default type [ch.qos.logback.classic.encoder.PatternLayoutEncoder] for [encoder] property
17:44:30,132 |-INFO in ch.qos.logback.classic.joran.action.LoggerAction - Setting level of logger [net.sourceforge.cobertura] to INFO
17:44:30,132 |-INFO in ch.qos.logback.classic.joran.action.RootLoggerAction - Setting level of ROOT logger to DEBUG
17:44:30,132 |-INFO in ch.qos.logback.core.joran.action.AppenderRefAction - Attaching appender named [STDOUT] to Logger[ROOT]
17:44:30,133 |-INFO in ch.qos.logback.classic.joran.action.ConfigurationAction - End of configuration.
17:44:30,134 |-INFO in ch.qos.logback.classic.joran.JoranConfigurator@40103754 - Registering current configuration as safe fallback point

]]></system-out>

      <system-err><![CDATA[]]></system-err>

  </testsuite>
  <testsuite errors="0" failures="0" hostname="INkeerthas.local" id="13" name="MovieViewTest" package="com.thoughtworks.biblioteca" skipped="0" tests="1" time="0.236" timestamp="2015-09-15T12:14:31">
      <properties>
[...]
</properties>

      <testcase classname="com.thoughtworks.biblioteca.MovieViewTest" name="shouldFormattedListOfMovies" time="0.003" />

      <system-out><![CDATA[17:44:31,540 |-INFO in ch.qos.logback.classic.LoggerContext[default] - Could NOT find resource [logback.groovy]
17:44:31,540 |-INFO in ch.qos.logback.classic.LoggerContext[default] - Could NOT find resource [logback-test.xml]
17:44:31,540 |-INFO in ch.qos.logback.classic.LoggerContext[default] - Found resource [logback.xml] at [jar:file:/Users/keerthas/IdeaProjects/Biblioteca/lib/cobertura-2.1.1-sources.jar!/logback.xml]
17:44:31,541 |-WARN in ch.qos.logback.classic.LoggerContext[default] - Resource [logback.xml] occurs multiple times on the classpath.
17:44:31,541 |-WARN in ch.qos.logback.classic.LoggerContext[default] - Resource [logback.xml] occurs at [jar:file:/Users/keerthas/IdeaProjects/Biblioteca/lib/cobertura-2.1.1-sources.jar!/logback.xml]
17:44:31,541 |-WARN in ch.qos.logback.classic.LoggerContext[default] - Resource [logback.xml] occurs at [jar:file:/Users/keerthas/IdeaProjects/Biblioteca/lib/cobertura-2.1.1.jar!/logback.xml]
17:44:31,561 |-INFO in ch.qos.logback.core.joran.spi.ConfigurationWatchList@da62f80 - URL [jar:file:/Users/keerthas/IdeaProjects/Biblioteca/lib/cobertura-2.1.1-sources.jar!/logback.xml] is not of type file
17:44:31,602 |-INFO in ch.qos.logback.classic.joran.action.ConfigurationAction - debug attribute not set
17:44:31,603 |-INFO in ch.qos.logback.core.joran.action.AppenderAction - About to instantiate appender of type [ch.qos.logback.core.ConsoleAppender]
17:44:31,613 |-INFO in ch.qos.logback.core.joran.action.AppenderAction - Naming appender as [STDOUT]
17:44:31,637 |-INFO in ch.qos.logback.core.joran.action.NestedComplexPropertyIA - Assuming default type [ch.qos.logback.classic.encoder.PatternLayoutEncoder] for [encoder] property
17:44:31,677 |-INFO in ch.qos.logback.classic.joran.action.LoggerAction - Setting level of logger [net.sourceforge.cobertura] to INFO
17:44:31,677 |-INFO in ch.qos.logback.classic.joran.action.RootLoggerAction - Setting level of ROOT logger to DEBUG
17:44:31,677 |-INFO in ch.qos.logback.core.joran.action.AppenderRefAction - Attaching appender named [STDOUT] to Logger[ROOT]
17:44:31,678 |-INFO in ch.qos.logback.classic.joran.action.ConfigurationAction - End of configuration.
17:44:31,679 |-INFO in ch.qos.logback.classic.joran.JoranConfigurator@19788380 - Registering current configuration as safe fallback point

]]></system-out>

      <system-err><![CDATA[]]></system-err>

  </testsuite>
  <testsuite errors="0" failures="0" hostname="INkeerthas.local" id="14" name="QuitMenuOptionTest" package="com.thoughtworks.biblioteca" skipped="0" tests="1" time="0.242" timestamp="2015-09-15T12:14:33">
      <properties>
[...]
</properties>

      <testcase classname="com.thoughtworks.biblioteca.QuitMenuOptionTest" name="shouldExitIfOptionTwoIsChosen" time="0.187" />

      <system-out><![CDATA[17:44:33,113 |-INFO in ch.qos.logback.classic.LoggerContext[default] - Could NOT find resource [logback.groovy]
17:44:33,113 |-INFO in ch.qos.logback.classic.LoggerContext[default] - Could NOT find resource [logback-test.xml]
17:44:33,114 |-INFO in ch.qos.logback.classic.LoggerContext[default] - Found resource [logback.xml] at [jar:file:/Users/keerthas/IdeaProjects/Biblioteca/lib/cobertura-2.1.1-sources.jar!/logback.xml]
17:44:33,115 |-WARN in ch.qos.logback.classic.LoggerContext[default] - Resource [logback.xml] occurs multiple times on the classpath.
17:44:33,115 |-WARN in ch.qos.logback.classic.LoggerContext[default] - Resource [logback.xml] occurs at [jar:file:/Users/keerthas/IdeaProjects/Biblioteca/lib/cobertura-2.1.1-sources.jar!/logback.xml]
17:44:33,115 |-WARN in ch.qos.logback.classic.LoggerContext[default] - Resource [logback.xml] occurs at [jar:file:/Users/keerthas/IdeaProjects/Biblioteca/lib/cobertura-2.1.1.jar!/logback.xml]
17:44:33,136 |-INFO in ch.qos.logback.core.joran.spi.ConfigurationWatchList@13e6db24 - URL [jar:file:/Users/keerthas/IdeaProjects/Biblioteca/lib/cobertura-2.1.1-sources.jar!/logback.xml] is not of type file
17:44:33,177 |-INFO in ch.qos.logback.classic.joran.action.ConfigurationAction - debug attribute not set
17:44:33,179 |-INFO in ch.qos.logback.core.joran.action.AppenderAction - About to instantiate appender of type [ch.qos.logback.core.ConsoleAppender]
17:44:33,188 |-INFO in ch.qos.logback.core.joran.action.AppenderAction - Naming appender as [STDOUT]
17:44:33,212 |-INFO in ch.qos.logback.core.joran.action.NestedComplexPropertyIA - Assuming default type [ch.qos.logback.classic.encoder.PatternLayoutEncoder] for [encoder] property
17:44:33,249 |-INFO in ch.qos.logback.classic.joran.action.LoggerAction - Setting level of logger [net.sourceforge.cobertura] to INFO
17:44:33,249 |-INFO in ch.qos.logback.classic.joran.action.RootLoggerAction - Setting level of ROOT logger to DEBUG
17:44:33,249 |-INFO in ch.qos.logback.core.joran.action.AppenderRefAction - Attaching appender named [STDOUT] to Logger[ROOT]
17:44:33,249 |-INFO in ch.qos.logback.classic.joran.action.ConfigurationAction - End of configuration.
17:44:33,250 |-INFO in ch.qos.logback.classic.joran.JoranConfigurator@193d22b1 - Registering current configuration as safe fallback point

]]></system-out>

      <system-err><![CDATA[]]></system-err>

  </testsuite>
  <testsuite errors="0" failures="0" hostname="INkeerthas.local" id="15" name="ReturnBookOptionTest" package="com.thoughtworks.biblioteca" skipped="0" tests="2" time="0.242" timestamp="2015-09-15T12:14:34">
      <properties>
[...]
</properties>

      <testcase classname="com.thoughtworks.biblioteca.ReturnBookOptionTest" name="shouldPrintMessageForSuccessfulReturn" time="0.005" />

      <testcase classname="com.thoughtworks.biblioteca.ReturnBookOptionTest" name="shouldPrintMessageForUnSuccessfulReturn" time="0.001" />

      <system-out><![CDATA[17:44:34,656 |-INFO in ch.qos.logback.classic.LoggerContext[default] - Could NOT find resource [logback.groovy]
17:44:34,657 |-INFO in ch.qos.logback.classic.LoggerContext[default] - Could NOT find resource [logback-test.xml]
17:44:34,657 |-INFO in ch.qos.logback.classic.LoggerContext[default] - Found resource [logback.xml] at [jar:file:/Users/keerthas/IdeaProjects/Biblioteca/lib/cobertura-2.1.1-sources.jar!/logback.xml]
17:44:34,658 |-WARN in ch.qos.logback.classic.LoggerContext[default] - Resource [logback.xml] occurs multiple times on the classpath.
17:44:34,658 |-WARN in ch.qos.logback.classic.LoggerContext[default] - Resource [logback.xml] occurs at [jar:file:/Users/keerthas/IdeaProjects/Biblioteca/lib/cobertura-2.1.1-sources.jar!/logback.xml]
17:44:34,658 |-WARN in ch.qos.logback.classic.LoggerContext[default] - Resource [logback.xml] occurs at [jar:file:/Users/keerthas/IdeaProjects/Biblioteca/lib/cobertura-2.1.1.jar!/logback.xml]
17:44:34,680 |-INFO in ch.qos.logback.core.joran.spi.ConfigurationWatchList@5a73fe03 - URL [jar:file:/Users/keerthas/IdeaProjects/Biblioteca/lib/cobertura-2.1.1-sources.jar!/logback.xml] is not of type file
17:44:34,721 |-INFO in ch.qos.logback.classic.joran.action.ConfigurationAction - debug attribute not set
17:44:34,723 |-INFO in ch.qos.logback.core.joran.action.AppenderAction - About to instantiate appender of type [ch.qos.logback.core.ConsoleAppender]
17:44:34,732 |-INFO in ch.qos.logback.core.joran.action.AppenderAction - Naming appender as [STDOUT]
17:44:34,756 |-INFO in ch.qos.logback.core.joran.action.NestedComplexPropertyIA - Assuming default type [ch.qos.logback.classic.encoder.PatternLayoutEncoder] for [encoder] property
17:44:34,793 |-INFO in ch.qos.logback.classic.joran.action.LoggerAction - Setting level of logger [net.sourceforge.cobertura] to INFO
17:44:34,793 |-INFO in ch.qos.logback.classic.joran.action.RootLoggerAction - Setting level of ROOT logger to DEBUG
17:44:34,793 |-INFO in ch.qos.logback.core.joran.action.AppenderRefAction - Attaching appender named [STDOUT] to Logger[ROOT]
17:44:34,794 |-INFO in ch.qos.logback.classic.joran.action.ConfigurationAction - End of configuration.
17:44:34,795 |-INFO in ch.qos.logback.classic.joran.JoranConfigurator@7529a559 - Registering current configuration as safe fallback point

]]></system-out>

      <system-err><![CDATA[]]></system-err>

  </testsuite>
  <testsuite errors="0" failures="0" hostname="INkeerthas.local" id="16" name="UserInfoTest" package="com.thoughtworks.biblioteca" skipped="0" tests="5" time="0.235" timestamp="2015-09-15T12:14:36">
      <properties>
[...]
</properties>

      <testcase classname="com.thoughtworks.biblioteca.UserInfoTest" name="shouldNotCompareWithAnotherObject" time="0.18" />

      <testcase classname="com.thoughtworks.biblioteca.UserInfoTest" name="shouldReturnFlaseWhenUserNameIsDifferent" time="0.0" />

      <testcase classname="com.thoughtworks.biblioteca.UserInfoTest" name="shouldCompareWithItself" time="0.0" />

      <testcase classname="com.thoughtworks.biblioteca.UserInfoTest" name="shouldReturnTrueWhenUserNameIsSame" time="0.0" />

      <testcase classname="com.thoughtworks.biblioteca.UserInfoTest" name="shouldNotCompareWithNull" time="0.0" />

      <system-out><![CDATA[17:44:36,222 |-INFO in ch.qos.logback.classic.LoggerContext[default] - Could NOT find resource [logback.groovy]
17:44:36,222 |-INFO in ch.qos.logback.classic.LoggerContext[default] - Could NOT find resource [logback-test.xml]
17:44:36,223 |-INFO in ch.qos.logback.classic.LoggerContext[default] - Found resource [logback.xml] at [jar:file:/Users/keerthas/IdeaProjects/Biblioteca/lib/cobertura-2.1.1-sources.jar!/logback.xml]
17:44:36,223 |-WARN in ch.qos.logback.classic.LoggerContext[default] - Resource [logback.xml] occurs multiple times on the classpath.
17:44:36,224 |-WARN in ch.qos.logback.classic.LoggerContext[default] - Resource [logback.xml] occurs at [jar:file:/Users/keerthas/IdeaProjects/Biblioteca/lib/cobertura-2.1.1-sources.jar!/logback.xml]
17:44:36,224 |-WARN in ch.qos.logback.classic.LoggerContext[default] - Resource [logback.xml] occurs at [jar:file:/Users/keerthas/IdeaProjects/Biblioteca/lib/cobertura-2.1.1.jar!/logback.xml]
17:44:36,243 |-INFO in ch.qos.logback.core.joran.spi.ConfigurationWatchList@1da2f8ca - URL [jar:file:/Users/keerthas/IdeaProjects/Biblioteca/lib/cobertura-2.1.1-sources.jar!/logback.xml] is not of type file
17:44:36,283 |-INFO in ch.qos.logback.classic.joran.action.ConfigurationAction - debug attribute not set
17:44:36,285 |-INFO in ch.qos.logback.core.joran.action.AppenderAction - About to instantiate appender of type [ch.qos.logback.core.ConsoleAppender]
17:44:36,295 |-INFO in ch.qos.logback.core.joran.action.AppenderAction - Naming appender as [STDOUT]
17:44:36,318 |-INFO in ch.qos.logback.core.joran.action.NestedComplexPropertyIA - Assuming default type [ch.qos.logback.classic.encoder.PatternLayoutEncoder] for [encoder] property
17:44:36,355 |-INFO in ch.qos.logback.classic.joran.action.LoggerAction - Setting level of logger [net.sourceforge.cobertura] to INFO
17:44:36,355 |-INFO in ch.qos.logback.classic.joran.action.RootLoggerAction - Setting level of ROOT logger to DEBUG
17:44:36,355 |-INFO in ch.qos.logback.core.joran.action.AppenderRefAction - Attaching appender named [STDOUT] to Logger[ROOT]
17:44:36,355 |-INFO in ch.qos.logback.classic.joran.action.ConfigurationAction - End of configuration.
17:44:36,356 |-INFO in ch.qos.logback.classic.joran.JoranConfigurator@367ba4f9 - Registering current configuration as safe fallback point

]]></system-out>

      <system-err><![CDATA[]]></system-err>

  </testsuite>
</testsuites>
