<?xml version="1.0" encoding="UTF-8" ?>
<testsuite errors="0" failures="0" hostname="INkeerthas.local" name="com.thoughtworks.biblioteca.QuitMenuOptionTest" skipped="0" tests="1" time="0.24" timestamp="2015-09-16T07:43:51">
  <properties>
[...]
</properties>
  <testcase classname="com.thoughtworks.biblioteca.QuitMenuOptionTest" name="shouldExitIfOptionTwoIsChosen" time="0.183" />
  <system-out><![CDATA[13:13:51,936 |-INFO in ch.qos.logback.classic.LoggerContext[default] - Could NOT find resource [logback.groovy]
13:13:51,937 |-INFO in ch.qos.logback.classic.LoggerContext[default] - Could NOT find resource [logback-test.xml]
13:13:51,937 |-INFO in ch.qos.logback.classic.LoggerContext[default] - Found resource [logback.xml] at [jar:file:/Users/keerthas/IdeaProjects/Biblioteca/lib/cobertura-2.1.1-sources.jar!/logback.xml]
13:13:51,938 |-WARN in ch.qos.logback.classic.LoggerContext[default] - Resource [logback.xml] occurs multiple times on the classpath.
13:13:51,939 |-WARN in ch.qos.logback.classic.LoggerContext[default] - Resource [logback.xml] occurs at [jar:file:/Users/keerthas/IdeaProjects/Biblioteca/lib/cobertura-2.1.1-sources.jar!/logback.xml]
13:13:51,939 |-WARN in ch.qos.logback.classic.LoggerContext[default] - Resource [logback.xml] occurs at [jar:file:/Users/keerthas/IdeaProjects/Biblioteca/lib/cobertura-2.1.1.jar!/logback.xml]
13:13:51,958 |-INFO in ch.qos.logback.core.joran.spi.ConfigurationWatchList@193d22b1 - URL [jar:file:/Users/keerthas/IdeaProjects/Biblioteca/lib/cobertura-2.1.1-sources.jar!/logback.xml] is not of type file
13:13:51,998 |-INFO in ch.qos.logback.classic.joran.action.ConfigurationAction - debug attribute not set
13:13:52,000 |-INFO in ch.qos.logback.core.joran.action.AppenderAction - About to instantiate appender of type [ch.qos.logback.core.ConsoleAppender]
13:13:52,010 |-INFO in ch.qos.logback.core.joran.action.AppenderAction - Naming appender as [STDOUT]
13:13:52,033 |-INFO in ch.qos.logback.core.joran.action.NestedComplexPropertyIA - Assuming default type [ch.qos.logback.classic.encoder.PatternLayoutEncoder] for [encoder] property
13:13:52,070 |-INFO in ch.qos.logback.classic.joran.action.LoggerAction - Setting level of logger [net.sourceforge.cobertura] to INFO
13:13:52,070 |-INFO in ch.qos.logback.classic.joran.action.RootLoggerAction - Setting level of ROOT logger to DEBUG
13:13:52,070 |-INFO in ch.qos.logback.core.joran.action.AppenderRefAction - Attaching appender named [STDOUT] to Logger[ROOT]
13:13:52,071 |-INFO in ch.qos.logback.classic.joran.action.ConfigurationAction - End of configuration.
13:13:52,071 |-INFO in ch.qos.logback.classic.joran.JoranConfigurator@7cb09f68 - Registering current configuration as safe fallback point

]]></system-out>
  <system-err><![CDATA[]]></system-err>
</testsuite>
