<?xml version="1.0" encoding="UTF-8" ?>
<testsuites>
  <testsuite errors="0" failures="0" hostname="INkeerthas.local" id="0" name="LibraryAppTest" package="com.thoughtworks.biblioteca" skipped="0" tests="13" time="0.264" timestamp="2015-09-18T16:51:52">
      <properties>
[...]
</properties>

      <testcase classname="com.thoughtworks.biblioteca.LibraryAppTest" name="shouldLoginSuccessfulMessageWhenLoginIsSuccessful" time="0.006" />

      <testcase classname="com.thoughtworks.biblioteca.LibraryAppTest" name="shouldDisplayUserInformationForLoggedInUser" time="0.002" />

      <testcase classname="com.thoughtworks.biblioteca.LibraryAppTest" name="shouldDisplaySuccessMessageWhenCheckOutMovieIsSuccessful" time="0.001" />

      <testcase classname="com.thoughtworks.biblioteca.LibraryAppTest" name="shouldDisplayListOfBooksForOption1" time="0.002" />

      <testcase classname="com.thoughtworks.biblioteca.LibraryAppTest" name="shouldDisplayListOfBooksForOption5" time="0.001" />

      <testcase classname="com.thoughtworks.biblioteca.LibraryAppTest" name="shouldDisplayUserInformationForAdminUser" time="0.001" />

      <testcase classname="com.thoughtworks.biblioteca.LibraryAppTest" name="shouldDisplayUnSuccessMessageWhenReturnBookIsUnSuccessful" time="0.001" />

      <testcase classname="com.thoughtworks.biblioteca.LibraryAppTest" name="shouldDisplayBookStatusOfCheckedOutBooks" time="0.005" />

      <testcase classname="com.thoughtworks.biblioteca.LibraryAppTest" name="shouldDisplayUnSuccessMessageWhenCheckOutBookIsUnSuccessful" time="0.001" />

      <testcase classname="com.thoughtworks.biblioteca.LibraryAppTest" name="shouldLogoutSuccessfulMessageWhenLogoutIsSuccessful" time="0.0" />

      <testcase classname="com.thoughtworks.biblioteca.LibraryAppTest" name="shouldDisplaySuccessMessageWhenReturnBookIsSuccessful" time="0.0" />

      <testcase classname="com.thoughtworks.biblioteca.LibraryAppTest" name="shouldLoginUnSuccessfulMessageWhenLoginIsUnSuccessful" time="0.001" />

      <testcase classname="com.thoughtworks.biblioteca.LibraryAppTest" name="shouldDisplaySuccessMessageWhenCheckOutBookIsSuccessful" time="0.0" />

      <system-out><![CDATA[22:21:52,706 |-INFO in ch.qos.logback.classic.LoggerContext[default] - Could NOT find resource [logback.groovy]
22:21:52,706 |-INFO in ch.qos.logback.classic.LoggerContext[default] - Could NOT find resource [logback-test.xml]
22:21:52,706 |-INFO in ch.qos.logback.classic.LoggerContext[default] - Found resource [logback.xml] at [jar:file:/Users/keerthas/IdeaProjects/Biblioteca/lib/cobertura-2.1.1-sources.jar!/logback.xml]
22:21:52,707 |-WARN in ch.qos.logback.classic.LoggerContext[default] - Resource [logback.xml] occurs multiple times on the classpath.
22:21:52,707 |-WARN in ch.qos.logback.classic.LoggerContext[default] - Resource [logback.xml] occurs at [jar:file:/Users/keerthas/IdeaProjects/Biblioteca/lib/cobertura-2.1.1-sources.jar!/logback.xml]
22:21:52,707 |-WARN in ch.qos.logback.classic.LoggerContext[default] - Resource [logback.xml] occurs at [jar:file:/Users/keerthas/IdeaProjects/Biblioteca/lib/cobertura-2.1.1.jar!/logback.xml]
22:21:52,727 |-INFO in ch.qos.logback.core.joran.spi.ConfigurationWatchList@78fa8ddf - URL [jar:file:/Users/keerthas/IdeaProjects/Biblioteca/lib/cobertura-2.1.1-sources.jar!/logback.xml] is not of type file
22:21:52,768 |-INFO in ch.qos.logback.classic.joran.action.ConfigurationAction - debug attribute not set
22:21:52,770 |-INFO in ch.qos.logback.core.joran.action.AppenderAction - About to instantiate appender of type [ch.qos.logback.core.ConsoleAppender]
22:21:52,779 |-INFO in ch.qos.logback.core.joran.action.AppenderAction - Naming appender as [STDOUT]
22:21:52,803 |-INFO in ch.qos.logback.core.joran.action.NestedComplexPropertyIA - Assuming default type [ch.qos.logback.classic.encoder.PatternLayoutEncoder] for [encoder] property
22:21:52,839 |-INFO in ch.qos.logback.classic.joran.action.LoggerAction - Setting level of logger [net.sourceforge.cobertura] to INFO
22:21:52,840 |-INFO in ch.qos.logback.classic.joran.action.RootLoggerAction - Setting level of ROOT logger to DEBUG
22:21:52,840 |-INFO in ch.qos.logback.core.joran.action.AppenderRefAction - Attaching appender named [STDOUT] to Logger[ROOT]
22:21:52,840 |-INFO in ch.qos.logback.classic.joran.action.ConfigurationAction - End of configuration.
22:21:52,841 |-INFO in ch.qos.logback.classic.joran.JoranConfigurator@9786986 - Registering current configuration as safe fallback point

]]></system-out>

      <system-err><![CDATA[]]></system-err>

  </testsuite>
  <testsuite errors="0" failures="0" hostname="INkeerthas.local" id="1" name="MenuOptionControllerTest" package="com.thoughtworks.biblioteca.controller" skipped="0" tests="16" time="0.493" timestamp="2015-09-18T16:51:10">
      <properties>
[...]
</properties>

      <testcase classname="com.thoughtworks.biblioteca.controller.MenuOptionControllerTest" name="shouldHandleListOfBooksOption" time="0.003" />

      <testcase classname="com.thoughtworks.biblioteca.controller.MenuOptionControllerTest" name="shouldHandleInvalidMenuOption" time="0.0" />

      <testcase classname="com.thoughtworks.biblioteca.controller.MenuOptionControllerTest" name="shouldDisplayBookStatusMenuOptionForOption8ForAdmin" time="0.005" />

      <testcase classname="com.thoughtworks.biblioteca.controller.MenuOptionControllerTest" name="shouldPromptLoginForGuestUserForOption3" time="0.211" />

      <testcase classname="com.thoughtworks.biblioteca.controller.MenuOptionControllerTest" name="shouldPromptLoginForGuestUserToReturnBookForOption4" time="0.0" />

      <testcase classname="com.thoughtworks.biblioteca.controller.MenuOptionControllerTest" name="shouldHandleInvalidNegativeMenuOption" time="0.0" />

      <testcase classname="com.thoughtworks.biblioteca.controller.MenuOptionControllerTest" name="shouldCallLoginMenuOptionForOption7" time="0.001" />

      <testcase classname="com.thoughtworks.biblioteca.controller.MenuOptionControllerTest" name="shouldListMenuItemToDisplayListOfMovies" time="0.001" />

      <testcase classname="com.thoughtworks.biblioteca.controller.MenuOptionControllerTest" name="shouldAllowLoggedInUserToReturnBookForOption4" time="0.001" />

      <testcase classname="com.thoughtworks.biblioteca.controller.MenuOptionControllerTest" name="shouldCallCheckOutMovieForOption6" time="0.001" />

      <testcase classname="com.thoughtworks.biblioteca.controller.MenuOptionControllerTest" name="shouldAllowCheckOutBookAfterSuccessfulLoginByGuestUserForOption3" time="0.002" />

      <testcase classname="com.thoughtworks.biblioteca.controller.MenuOptionControllerTest" name="shouldCallLogoutMenuOptionForOption8ForLoggedInUser" time="0.001" />

      <testcase classname="com.thoughtworks.biblioteca.controller.MenuOptionControllerTest" name="shouldDisplayMenuOptions" time="0.0" />

      <testcase classname="com.thoughtworks.biblioteca.controller.MenuOptionControllerTest" name="shouldDisplayUserInformationForOption7ForAdmin" time="0.001" />

      <testcase classname="com.thoughtworks.biblioteca.controller.MenuOptionControllerTest" name="shouldAllowCheckOutBookForLoggedInUserForOption3" time="0.0" />

      <testcase classname="com.thoughtworks.biblioteca.controller.MenuOptionControllerTest" name="shouldAllowReturnBookForGuestUserAfterSuccessfulLoginOption4" time="0.0" />

      <system-out><![CDATA[22:21:10,973 |-INFO in ch.qos.logback.classic.LoggerContext[default] - Could NOT find resource [logback.groovy]
22:21:10,974 |-INFO in ch.qos.logback.classic.LoggerContext[default] - Could NOT find resource [logback-test.xml]
22:21:10,974 |-INFO in ch.qos.logback.classic.LoggerContext[default] - Found resource [logback.xml] at [jar:file:/Users/keerthas/IdeaProjects/Biblioteca/lib/cobertura-2.1.1-sources.jar!/logback.xml]
22:21:10,975 |-WARN in ch.qos.logback.classic.LoggerContext[default] - Resource [logback.xml] occurs multiple times on the classpath.
22:21:10,975 |-WARN in ch.qos.logback.classic.LoggerContext[default] - Resource [logback.xml] occurs at [jar:file:/Users/keerthas/IdeaProjects/Biblioteca/lib/cobertura-2.1.1-sources.jar!/logback.xml]
22:21:10,975 |-WARN in ch.qos.logback.classic.LoggerContext[default] - Resource [logback.xml] occurs at [jar:file:/Users/keerthas/IdeaProjects/Biblioteca/lib/cobertura-2.1.1.jar!/logback.xml]
22:21:10,996 |-INFO in ch.qos.logback.core.joran.spi.ConfigurationWatchList@6e9fbdd7 - URL [jar:file:/Users/keerthas/IdeaProjects/Biblioteca/lib/cobertura-2.1.1-sources.jar!/logback.xml] is not of type file
22:21:11,037 |-INFO in ch.qos.logback.classic.joran.action.ConfigurationAction - debug attribute not set
22:21:11,039 |-INFO in ch.qos.logback.core.joran.action.AppenderAction - About to instantiate appender of type [ch.qos.logback.core.ConsoleAppender]
22:21:11,049 |-INFO in ch.qos.logback.core.joran.action.AppenderAction - Naming appender as [STDOUT]
22:21:11,072 |-INFO in ch.qos.logback.core.joran.action.NestedComplexPropertyIA - Assuming default type [ch.qos.logback.classic.encoder.PatternLayoutEncoder] for [encoder] property
22:21:11,109 |-INFO in ch.qos.logback.classic.joran.action.LoggerAction - Setting level of logger [net.sourceforge.cobertura] to INFO
22:21:11,109 |-INFO in ch.qos.logback.classic.joran.action.RootLoggerAction - Setting level of ROOT logger to DEBUG
22:21:11,109 |-INFO in ch.qos.logback.core.joran.action.AppenderRefAction - Attaching appender named [STDOUT] to Logger[ROOT]
22:21:11,110 |-INFO in ch.qos.logback.classic.joran.action.ConfigurationAction - End of configuration.
22:21:11,111 |-INFO in ch.qos.logback.classic.joran.JoranConfigurator@3968a6fe - Registering current configuration as safe fallback point

]]></system-out>

      <system-err><![CDATA[]]></system-err>

  </testsuite>
  <testsuite errors="0" failures="0" hostname="INkeerthas.local" id="2" name="LibraryTest" package="com.thoughtworks.biblioteca.main" skipped="0" tests="8" time="0.236" timestamp="2015-09-18T16:51:12">
      <properties>
[...]
</properties>

      <testcase classname="com.thoughtworks.biblioteca.main.LibraryTest" name="shouldReturnNegativeIndexIfBookDoesNotExistsInCheckedOutList" time="0.001" />

      <testcase classname="com.thoughtworks.biblioteca.main.LibraryTest" name="shouldAddBookToCheckoutList" time="0.0" />

      <testcase classname="com.thoughtworks.biblioteca.main.LibraryTest" name="shouldRemoveBookFromCheckoutListWhenItIsReturned" time="0.0" />

      <testcase classname="com.thoughtworks.biblioteca.main.LibraryTest" name="shouldRemoveBookFromAvailableList" time="0.0" />

      <testcase classname="com.thoughtworks.biblioteca.main.LibraryTest" name="shouldReturnIndexOfBookInCheckOutList" time="0.0" />

      <testcase classname="com.thoughtworks.biblioteca.main.LibraryTest" name="shouldReturnIndexOfBookInAvailableList" time="0.0" />

      <testcase classname="com.thoughtworks.biblioteca.main.LibraryTest" name="shouldAddBookToAvailableListWhenBookIsReturned" time="0.0" />

      <testcase classname="com.thoughtworks.biblioteca.main.LibraryTest" name="shouldReturnNegativeIndexIfBookDoesNotExistsInAvailableList" time="0.0" />

      <system-out><![CDATA[22:21:12,822 |-INFO in ch.qos.logback.classic.LoggerContext[default] - Could NOT find resource [logback.groovy]
22:21:12,823 |-INFO in ch.qos.logback.classic.LoggerContext[default] - Could NOT find resource [logback-test.xml]
22:21:12,823 |-INFO in ch.qos.logback.classic.LoggerContext[default] - Found resource [logback.xml] at [jar:file:/Users/keerthas/IdeaProjects/Biblioteca/lib/cobertura-2.1.1-sources.jar!/logback.xml]
22:21:12,824 |-WARN in ch.qos.logback.classic.LoggerContext[default] - Resource [logback.xml] occurs multiple times on the classpath.
22:21:12,824 |-WARN in ch.qos.logback.classic.LoggerContext[default] - Resource [logback.xml] occurs at [jar:file:/Users/keerthas/IdeaProjects/Biblioteca/lib/cobertura-2.1.1-sources.jar!/logback.xml]
22:21:12,824 |-WARN in ch.qos.logback.classic.LoggerContext[default] - Resource [logback.xml] occurs at [jar:file:/Users/keerthas/IdeaProjects/Biblioteca/lib/cobertura-2.1.1.jar!/logback.xml]
22:21:12,845 |-INFO in ch.qos.logback.core.joran.spi.ConfigurationWatchList@3c966db5 - URL [jar:file:/Users/keerthas/IdeaProjects/Biblioteca/lib/cobertura-2.1.1-sources.jar!/logback.xml] is not of type file
22:21:12,885 |-INFO in ch.qos.logback.classic.joran.action.ConfigurationAction - debug attribute not set
22:21:12,887 |-INFO in ch.qos.logback.core.joran.action.AppenderAction - About to instantiate appender of type [ch.qos.logback.core.ConsoleAppender]
22:21:12,897 |-INFO in ch.qos.logback.core.joran.action.AppenderAction - Naming appender as [STDOUT]
22:21:12,920 |-INFO in ch.qos.logback.core.joran.action.NestedComplexPropertyIA - Assuming default type [ch.qos.logback.classic.encoder.PatternLayoutEncoder] for [encoder] property
22:21:12,957 |-INFO in ch.qos.logback.classic.joran.action.LoggerAction - Setting level of logger [net.sourceforge.cobertura] to INFO
22:21:12,957 |-INFO in ch.qos.logback.classic.joran.action.RootLoggerAction - Setting level of ROOT logger to DEBUG
22:21:12,957 |-INFO in ch.qos.logback.core.joran.action.AppenderRefAction - Attaching appender named [STDOUT] to Logger[ROOT]
22:21:12,958 |-INFO in ch.qos.logback.classic.joran.action.ConfigurationAction - End of configuration.
22:21:12,959 |-INFO in ch.qos.logback.classic.joran.JoranConfigurator@37fca526 - Registering current configuration as safe fallback point

]]></system-out>

      <system-err><![CDATA[]]></system-err>

  </testsuite>
  <testsuite errors="0" failures="0" hostname="INkeerthas.local" id="3" name="BookTest" package="com.thoughtworks.biblioteca.model" skipped="0" tests="8" time="0.238" timestamp="2015-09-18T16:51:14">
      <properties>
[...]
</properties>

      <testcase classname="com.thoughtworks.biblioteca.model.BookTest" name="shouldNotBeEqualIfNameISDifferent" time="0.183" />

      <testcase classname="com.thoughtworks.biblioteca.model.BookTest" name="shouldBeEqualToItself" time="0.0" />

      <testcase classname="com.thoughtworks.biblioteca.model.BookTest" name="shouldNotBeEqualToAnotherType" time="0.0" />

      <testcase classname="com.thoughtworks.biblioteca.model.BookTest" name="shouldHaveSameHashCodeForSameBookTitle" time="0.0" />

      <testcase classname="com.thoughtworks.biblioteca.model.BookTest" name="shouldBeEqualIfAllAttributesAreSame" time="0.001" />

      <testcase classname="com.thoughtworks.biblioteca.model.BookTest" name="shouldNotBeNull" time="0.0" />

      <testcase classname="com.thoughtworks.biblioteca.model.BookTest" name="shouldBeEqualToOtherInstanceOfSameClassWithSameName" time="0.0" />

      <testcase classname="com.thoughtworks.biblioteca.model.BookTest" name="shouldHaveDifferentHashCodeForDifferentBookTitle" time="0.001" />

      <system-out><![CDATA[22:21:14,413 |-INFO in ch.qos.logback.classic.LoggerContext[default] - Could NOT find resource [logback.groovy]
22:21:14,414 |-INFO in ch.qos.logback.classic.LoggerContext[default] - Could NOT find resource [logback-test.xml]
22:21:14,414 |-INFO in ch.qos.logback.classic.LoggerContext[default] - Found resource [logback.xml] at [jar:file:/Users/keerthas/IdeaProjects/Biblioteca/lib/cobertura-2.1.1-sources.jar!/logback.xml]
22:21:14,415 |-WARN in ch.qos.logback.classic.LoggerContext[default] - Resource [logback.xml] occurs multiple times on the classpath.
22:21:14,415 |-WARN in ch.qos.logback.classic.LoggerContext[default] - Resource [logback.xml] occurs at [jar:file:/Users/keerthas/IdeaProjects/Biblioteca/lib/cobertura-2.1.1-sources.jar!/logback.xml]
22:21:14,415 |-WARN in ch.qos.logback.classic.LoggerContext[default] - Resource [logback.xml] occurs at [jar:file:/Users/keerthas/IdeaProjects/Biblioteca/lib/cobertura-2.1.1.jar!/logback.xml]
22:21:14,435 |-INFO in ch.qos.logback.core.joran.spi.ConfigurationWatchList@ffd51f7 - URL [jar:file:/Users/keerthas/IdeaProjects/Biblioteca/lib/cobertura-2.1.1-sources.jar!/logback.xml] is not of type file
22:21:14,476 |-INFO in ch.qos.logback.classic.joran.action.ConfigurationAction - debug attribute not set
22:21:14,477 |-INFO in ch.qos.logback.core.joran.action.AppenderAction - About to instantiate appender of type [ch.qos.logback.core.ConsoleAppender]
22:21:14,487 |-INFO in ch.qos.logback.core.joran.action.AppenderAction - Naming appender as [STDOUT]
22:21:14,510 |-INFO in ch.qos.logback.core.joran.action.NestedComplexPropertyIA - Assuming default type [ch.qos.logback.classic.encoder.PatternLayoutEncoder] for [encoder] property
22:21:14,548 |-INFO in ch.qos.logback.classic.joran.action.LoggerAction - Setting level of logger [net.sourceforge.cobertura] to INFO
22:21:14,548 |-INFO in ch.qos.logback.classic.joran.action.RootLoggerAction - Setting level of ROOT logger to DEBUG
22:21:14,548 |-INFO in ch.qos.logback.core.joran.action.AppenderRefAction - Attaching appender named [STDOUT] to Logger[ROOT]
22:21:14,548 |-INFO in ch.qos.logback.classic.joran.action.ConfigurationAction - End of configuration.
22:21:14,549 |-INFO in ch.qos.logback.classic.joran.JoranConfigurator@40103754 - Registering current configuration as safe fallback point

]]></system-out>

      <system-err><![CDATA[]]></system-err>

  </testsuite>
  <testsuite errors="0" failures="0" hostname="INkeerthas.local" id="4" name="CheckedOutBookTest" package="com.thoughtworks.biblioteca.model" skipped="0" tests="10" time="0.254" timestamp="2015-09-18T16:51:15">
      <properties>
[...]
</properties>

      <testcase classname="com.thoughtworks.biblioteca.model.CheckedOutBookTest" name="shouldNotBeEqualIfNameISDifferent" time="0.002" />

      <testcase classname="com.thoughtworks.biblioteca.model.CheckedOutBookTest" name="shouldBeEqualToItself" time="0.0" />

      <testcase classname="com.thoughtworks.biblioteca.model.CheckedOutBookTest" name="shouldNotBeEqualToAnotherType" time="0.0" />

      <testcase classname="com.thoughtworks.biblioteca.model.CheckedOutBookTest" name="shouldHaveSameHashCodeForSameBookTitle" time="0.0" />

      <testcase classname="com.thoughtworks.biblioteca.model.CheckedOutBookTest" name="shouldBeEqualIfAllAttributesAreSame" time="0.0" />

      <testcase classname="com.thoughtworks.biblioteca.model.CheckedOutBookTest" name="shouldNotBeNull" time="0.0" />

      <testcase classname="com.thoughtworks.biblioteca.model.CheckedOutBookTest" name="shouldBeEqualToOtherInstanceOfSameClassWithSameName" time="0.0" />

      <testcase classname="com.thoughtworks.biblioteca.model.CheckedOutBookTest" name="shouldReturnHeaderDetailsOfBookAndUserName" time="0.007" />

      <testcase classname="com.thoughtworks.biblioteca.model.CheckedOutBookTest" name="shouldBeNotBeEqualIfUsersAreDifferent" time="0.0" />

      <testcase classname="com.thoughtworks.biblioteca.model.CheckedOutBookTest" name="shouldHaveDifferentHashCodeForDifferentBookTitle" time="0.001" />

      <system-out><![CDATA[22:21:15,988 |-INFO in ch.qos.logback.classic.LoggerContext[default] - Could NOT find resource [logback.groovy]
22:21:15,988 |-INFO in ch.qos.logback.classic.LoggerContext[default] - Could NOT find resource [logback-test.xml]
22:21:15,988 |-INFO in ch.qos.logback.classic.LoggerContext[default] - Found resource [logback.xml] at [jar:file:/Users/keerthas/IdeaProjects/Biblioteca/lib/cobertura-2.1.1-sources.jar!/logback.xml]
22:21:15,989 |-WARN in ch.qos.logback.classic.LoggerContext[default] - Resource [logback.xml] occurs multiple times on the classpath.
22:21:15,989 |-WARN in ch.qos.logback.classic.LoggerContext[default] - Resource [logback.xml] occurs at [jar:file:/Users/keerthas/IdeaProjects/Biblioteca/lib/cobertura-2.1.1-sources.jar!/logback.xml]
22:21:15,989 |-WARN in ch.qos.logback.classic.LoggerContext[default] - Resource [logback.xml] occurs at [jar:file:/Users/keerthas/IdeaProjects/Biblioteca/lib/cobertura-2.1.1.jar!/logback.xml]
22:21:16,010 |-INFO in ch.qos.logback.core.joran.spi.ConfigurationWatchList@2c9557e1 - URL [jar:file:/Users/keerthas/IdeaProjects/Biblioteca/lib/cobertura-2.1.1-sources.jar!/logback.xml] is not of type file
22:21:16,051 |-INFO in ch.qos.logback.classic.joran.action.ConfigurationAction - debug attribute not set
22:21:16,053 |-INFO in ch.qos.logback.core.joran.action.AppenderAction - About to instantiate appender of type [ch.qos.logback.core.ConsoleAppender]
22:21:16,062 |-INFO in ch.qos.logback.core.joran.action.AppenderAction - Naming appender as [STDOUT]
22:21:16,086 |-INFO in ch.qos.logback.core.joran.action.NestedComplexPropertyIA - Assuming default type [ch.qos.logback.classic.encoder.PatternLayoutEncoder] for [encoder] property
22:21:16,126 |-INFO in ch.qos.logback.classic.joran.action.LoggerAction - Setting level of logger [net.sourceforge.cobertura] to INFO
22:21:16,126 |-INFO in ch.qos.logback.classic.joran.action.RootLoggerAction - Setting level of ROOT logger to DEBUG
22:21:16,126 |-INFO in ch.qos.logback.core.joran.action.AppenderRefAction - Attaching appender named [STDOUT] to Logger[ROOT]
22:21:16,127 |-INFO in ch.qos.logback.classic.joran.action.ConfigurationAction - End of configuration.
22:21:16,128 |-INFO in ch.qos.logback.classic.joran.JoranConfigurator@bc8ba5 - Registering current configuration as safe fallback point

]]></system-out>

      <system-err><![CDATA[]]></system-err>

  </testsuite>
  <testsuite errors="0" failures="0" hostname="INkeerthas.local" id="5" name="MenuTest" package="com.thoughtworks.biblioteca.model" skipped="0" tests="4" time="0.372" timestamp="2015-09-18T16:51:17">
      <properties>
[...]
</properties>

      <testcase classname="com.thoughtworks.biblioteca.model.MenuTest" name="shouldHandleListOfBooksOption" time="0.316" />

      <testcase classname="com.thoughtworks.biblioteca.model.MenuTest" name="shouldReturnTheListOfMenuOptionsForNormalUsers" time="0.002" />

      <testcase classname="com.thoughtworks.biblioteca.model.MenuTest" name="shouldReturnTheListOfMenuOptionsForAdmin" time="0.001" />

      <testcase classname="com.thoughtworks.biblioteca.model.MenuTest" name="shouldReturnTheListOfMenuOptionsForGuestUsers" time="0.001" />

      <system-out><![CDATA[22:21:17,718 |-INFO in ch.qos.logback.classic.LoggerContext[default] - Could NOT find resource [logback.groovy]
22:21:17,719 |-INFO in ch.qos.logback.classic.LoggerContext[default] - Could NOT find resource [logback-test.xml]
22:21:17,719 |-INFO in ch.qos.logback.classic.LoggerContext[default] - Found resource [logback.xml] at [jar:file:/Users/keerthas/IdeaProjects/Biblioteca/lib/cobertura-2.1.1-sources.jar!/logback.xml]
22:21:17,719 |-WARN in ch.qos.logback.classic.LoggerContext[default] - Resource [logback.xml] occurs multiple times on the classpath.
22:21:17,719 |-WARN in ch.qos.logback.classic.LoggerContext[default] - Resource [logback.xml] occurs at [jar:file:/Users/keerthas/IdeaProjects/Biblioteca/lib/cobertura-2.1.1-sources.jar!/logback.xml]
22:21:17,719 |-WARN in ch.qos.logback.classic.LoggerContext[default] - Resource [logback.xml] occurs at [jar:file:/Users/keerthas/IdeaProjects/Biblioteca/lib/cobertura-2.1.1.jar!/logback.xml]
22:21:17,733 |-INFO in ch.qos.logback.core.joran.spi.ConfigurationWatchList@3b3fee66 - URL [jar:file:/Users/keerthas/IdeaProjects/Biblioteca/lib/cobertura-2.1.1-sources.jar!/logback.xml] is not of type file
22:21:17,773 |-INFO in ch.qos.logback.classic.joran.action.ConfigurationAction - debug attribute not set
22:21:17,774 |-INFO in ch.qos.logback.core.joran.action.AppenderAction - About to instantiate appender of type [ch.qos.logback.core.ConsoleAppender]
22:21:17,782 |-INFO in ch.qos.logback.core.joran.action.AppenderAction - Naming appender as [STDOUT]
22:21:17,800 |-INFO in ch.qos.logback.core.joran.action.NestedComplexPropertyIA - Assuming default type [ch.qos.logback.classic.encoder.PatternLayoutEncoder] for [encoder] property
22:21:17,835 |-INFO in ch.qos.logback.classic.joran.action.LoggerAction - Setting level of logger [net.sourceforge.cobertura] to INFO
22:21:17,835 |-INFO in ch.qos.logback.classic.joran.action.RootLoggerAction - Setting level of ROOT logger to DEBUG
22:21:17,835 |-INFO in ch.qos.logback.core.joran.action.AppenderRefAction - Attaching appender named [STDOUT] to Logger[ROOT]
22:21:17,835 |-INFO in ch.qos.logback.classic.joran.action.ConfigurationAction - End of configuration.
22:21:17,836 |-INFO in ch.qos.logback.classic.joran.JoranConfigurator@623c88ed - Registering current configuration as safe fallback point

]]></system-out>

      <system-err><![CDATA[]]></system-err>

  </testsuite>
  <testsuite errors="0" failures="0" hostname="INkeerthas.local" id="6" name="MovieTest" package="com.thoughtworks.biblioteca.model" skipped="0" tests="7" time="0.237" timestamp="2015-09-18T16:51:19">
      <properties>
[...]
</properties>

      <testcase classname="com.thoughtworks.biblioteca.model.MovieTest" name="shouldNotBeEqualIfNameISDifferent" time="0.183" />

      <testcase classname="com.thoughtworks.biblioteca.model.MovieTest" name="shouldHaveSameHashCodeForSameMovieName" time="0.0" />

      <testcase classname="com.thoughtworks.biblioteca.model.MovieTest" name="shouldNotCompareWithObjectOfAnotherClass" time="0.0" />

      <testcase classname="com.thoughtworks.biblioteca.model.MovieTest" name="shouldCompareMovieToItself" time="0.0" />

      <testcase classname="com.thoughtworks.biblioteca.model.MovieTest" name="shouldNotBeNull" time="0.0" />

      <testcase classname="com.thoughtworks.biblioteca.model.MovieTest" name="shouldBeEqualToOtherInstanceOfSameClassWithSameName" time="0.0" />

      <testcase classname="com.thoughtworks.biblioteca.model.MovieTest" name="shouldHaveDifferentHashCodeForDifferentMovieName" time="0.0" />

      <system-out><![CDATA[22:21:19,297 |-INFO in ch.qos.logback.classic.LoggerContext[default] - Could NOT find resource [logback.groovy]
22:21:19,298 |-INFO in ch.qos.logback.classic.LoggerContext[default] - Could NOT find resource [logback-test.xml]
22:21:19,298 |-INFO in ch.qos.logback.classic.LoggerContext[default] - Found resource [logback.xml] at [jar:file:/Users/keerthas/IdeaProjects/Biblioteca/lib/cobertura-2.1.1-sources.jar!/logback.xml]
22:21:19,299 |-WARN in ch.qos.logback.classic.LoggerContext[default] - Resource [logback.xml] occurs multiple times on the classpath.
22:21:19,299 |-WARN in ch.qos.logback.classic.LoggerContext[default] - Resource [logback.xml] occurs at [jar:file:/Users/keerthas/IdeaProjects/Biblioteca/lib/cobertura-2.1.1-sources.jar!/logback.xml]
22:21:19,299 |-WARN in ch.qos.logback.classic.LoggerContext[default] - Resource [logback.xml] occurs at [jar:file:/Users/keerthas/IdeaProjects/Biblioteca/lib/cobertura-2.1.1.jar!/logback.xml]
22:21:19,320 |-INFO in ch.qos.logback.core.joran.spi.ConfigurationWatchList@68a08ca7 - URL [jar:file:/Users/keerthas/IdeaProjects/Biblioteca/lib/cobertura-2.1.1-sources.jar!/logback.xml] is not of type file
22:21:19,360 |-INFO in ch.qos.logback.classic.joran.action.ConfigurationAction - debug attribute not set
22:21:19,362 |-INFO in ch.qos.logback.core.joran.action.AppenderAction - About to instantiate appender of type [ch.qos.logback.core.ConsoleAppender]
22:21:19,372 |-INFO in ch.qos.logback.core.joran.action.AppenderAction - Naming appender as [STDOUT]
22:21:19,395 |-INFO in ch.qos.logback.core.joran.action.NestedComplexPropertyIA - Assuming default type [ch.qos.logback.classic.encoder.PatternLayoutEncoder] for [encoder] property
22:21:19,432 |-INFO in ch.qos.logback.classic.joran.action.LoggerAction - Setting level of logger [net.sourceforge.cobertura] to INFO
22:21:19,432 |-INFO in ch.qos.logback.classic.joran.action.RootLoggerAction - Setting level of ROOT logger to DEBUG
22:21:19,432 |-INFO in ch.qos.logback.core.joran.action.AppenderRefAction - Attaching appender named [STDOUT] to Logger[ROOT]
22:21:19,433 |-INFO in ch.qos.logback.classic.joran.action.ConfigurationAction - End of configuration.
22:21:19,434 |-INFO in ch.qos.logback.classic.joran.JoranConfigurator@4725d9b - Registering current configuration as safe fallback point

]]></system-out>

      <system-err><![CDATA[]]></system-err>

  </testsuite>
  <testsuite errors="0" failures="0" hostname="INkeerthas.local" id="7" name="BookStatusMenuOptionTest" package="com.thoughtworks.biblioteca.options" skipped="0" tests="1" time="0.244" timestamp="2015-09-18T16:51:20">
      <properties>
[...]
</properties>

      <testcase classname="com.thoughtworks.biblioteca.options.BookStatusMenuOptionTest" name="shouldDisplayListOfCheckedOutBooks" time="0.009" />

      <system-out><![CDATA[22:21:20,878 |-INFO in ch.qos.logback.classic.LoggerContext[default] - Could NOT find resource [logback.groovy]
22:21:20,878 |-INFO in ch.qos.logback.classic.LoggerContext[default] - Could NOT find resource [logback-test.xml]
22:21:20,879 |-INFO in ch.qos.logback.classic.LoggerContext[default] - Found resource [logback.xml] at [jar:file:/Users/keerthas/IdeaProjects/Biblioteca/lib/cobertura-2.1.1-sources.jar!/logback.xml]
22:21:20,880 |-WARN in ch.qos.logback.classic.LoggerContext[default] - Resource [logback.xml] occurs multiple times on the classpath.
22:21:20,880 |-WARN in ch.qos.logback.classic.LoggerContext[default] - Resource [logback.xml] occurs at [jar:file:/Users/keerthas/IdeaProjects/Biblioteca/lib/cobertura-2.1.1-sources.jar!/logback.xml]
22:21:20,880 |-WARN in ch.qos.logback.classic.LoggerContext[default] - Resource [logback.xml] occurs at [jar:file:/Users/keerthas/IdeaProjects/Biblioteca/lib/cobertura-2.1.1.jar!/logback.xml]
22:21:20,900 |-INFO in ch.qos.logback.core.joran.spi.ConfigurationWatchList@10e5ab41 - URL [jar:file:/Users/keerthas/IdeaProjects/Biblioteca/lib/cobertura-2.1.1-sources.jar!/logback.xml] is not of type file
22:21:20,940 |-INFO in ch.qos.logback.classic.joran.action.ConfigurationAction - debug attribute not set
22:21:20,942 |-INFO in ch.qos.logback.core.joran.action.AppenderAction - About to instantiate appender of type [ch.qos.logback.core.ConsoleAppender]
22:21:20,951 |-INFO in ch.qos.logback.core.joran.action.AppenderAction - Naming appender as [STDOUT]
22:21:20,975 |-INFO in ch.qos.logback.core.joran.action.NestedComplexPropertyIA - Assuming default type [ch.qos.logback.classic.encoder.PatternLayoutEncoder] for [encoder] property
22:21:21,012 |-INFO in ch.qos.logback.classic.joran.action.LoggerAction - Setting level of logger [net.sourceforge.cobertura] to INFO
22:21:21,012 |-INFO in ch.qos.logback.classic.joran.action.RootLoggerAction - Setting level of ROOT logger to DEBUG
22:21:21,012 |-INFO in ch.qos.logback.core.joran.action.AppenderRefAction - Attaching appender named [STDOUT] to Logger[ROOT]
22:21:21,012 |-INFO in ch.qos.logback.classic.joran.action.ConfigurationAction - End of configuration.
22:21:21,013 |-INFO in ch.qos.logback.classic.joran.JoranConfigurator@564e4111 - Registering current configuration as safe fallback point

]]></system-out>

      <system-err><![CDATA[]]></system-err>

  </testsuite>
  <testsuite errors="0" failures="0" hostname="INkeerthas.local" id="8" name="CheckOutBooksMenuOptionTest" package="com.thoughtworks.biblioteca.options" skipped="0" tests="4" time="0.243" timestamp="2015-09-18T16:51:22">
      <properties>
[...]
</properties>

      <testcase classname="com.thoughtworks.biblioteca.options.CheckOutBooksMenuOptionTest" name="shouldPrintMessageForSuccessfulCheckout" time="0.006" />

      <testcase classname="com.thoughtworks.biblioteca.options.CheckOutBooksMenuOptionTest" name="shouldPrintMessageForUnsuccessfulCheckout" time="0.0" />

      <testcase classname="com.thoughtworks.biblioteca.options.CheckOutBooksMenuOptionTest" name="shouldCheckoutBookIfTheBookListContains" time="0.001" />

      <testcase classname="com.thoughtworks.biblioteca.options.CheckOutBooksMenuOptionTest" name="shouldNotCheckoutBookIfTheBookListDoesNotContain" time="0.0" />

      <system-out><![CDATA[22:21:22,461 |-INFO in ch.qos.logback.classic.LoggerContext[default] - Could NOT find resource [logback.groovy]
22:21:22,461 |-INFO in ch.qos.logback.classic.LoggerContext[default] - Could NOT find resource [logback-test.xml]
22:21:22,461 |-INFO in ch.qos.logback.classic.LoggerContext[default] - Found resource [logback.xml] at [jar:file:/Users/keerthas/IdeaProjects/Biblioteca/lib/cobertura-2.1.1-sources.jar!/logback.xml]
22:21:22,462 |-WARN in ch.qos.logback.classic.LoggerContext[default] - Resource [logback.xml] occurs multiple times on the classpath.
22:21:22,462 |-WARN in ch.qos.logback.classic.LoggerContext[default] - Resource [logback.xml] occurs at [jar:file:/Users/keerthas/IdeaProjects/Biblioteca/lib/cobertura-2.1.1-sources.jar!/logback.xml]
22:21:22,462 |-WARN in ch.qos.logback.classic.LoggerContext[default] - Resource [logback.xml] occurs at [jar:file:/Users/keerthas/IdeaProjects/Biblioteca/lib/cobertura-2.1.1.jar!/logback.xml]
22:21:22,483 |-INFO in ch.qos.logback.core.joran.spi.ConfigurationWatchList@65c7bbfc - URL [jar:file:/Users/keerthas/IdeaProjects/Biblioteca/lib/cobertura-2.1.1-sources.jar!/logback.xml] is not of type file
22:21:22,523 |-INFO in ch.qos.logback.classic.joran.action.ConfigurationAction - debug attribute not set
22:21:22,525 |-INFO in ch.qos.logback.core.joran.action.AppenderAction - About to instantiate appender of type [ch.qos.logback.core.ConsoleAppender]
22:21:22,534 |-INFO in ch.qos.logback.core.joran.action.AppenderAction - Naming appender as [STDOUT]
22:21:22,558 |-INFO in ch.qos.logback.core.joran.action.NestedComplexPropertyIA - Assuming default type [ch.qos.logback.classic.encoder.PatternLayoutEncoder] for [encoder] property
22:21:22,594 |-INFO in ch.qos.logback.classic.joran.action.LoggerAction - Setting level of logger [net.sourceforge.cobertura] to INFO
22:21:22,595 |-INFO in ch.qos.logback.classic.joran.action.RootLoggerAction - Setting level of ROOT logger to DEBUG
22:21:22,595 |-INFO in ch.qos.logback.core.joran.action.AppenderRefAction - Attaching appender named [STDOUT] to Logger[ROOT]
22:21:22,595 |-INFO in ch.qos.logback.classic.joran.action.ConfigurationAction - End of configuration.
22:21:22,596 |-INFO in ch.qos.logback.classic.joran.JoranConfigurator@1c06d198 - Registering current configuration as safe fallback point

]]></system-out>

      <system-err><![CDATA[]]></system-err>

  </testsuite>
  <testsuite errors="0" failures="0" hostname="INkeerthas.local" id="9" name="CheckOutMoviesMenuOptionTest" package="com.thoughtworks.biblioteca.options" skipped="0" tests="3" time="0.242" timestamp="2015-09-18T16:51:23">
      <properties>
[...]
</properties>

      <testcase classname="com.thoughtworks.biblioteca.options.CheckOutMoviesMenuOptionTest" name="shouldNotReturnMovieWhichIsNotInCheckedOutList" time="0.005" />

      <testcase classname="com.thoughtworks.biblioteca.options.CheckOutMoviesMenuOptionTest" name="shouldNotCheckoutMovieIfTheMovieListDoesNotContain" time="0.0" />

      <testcase classname="com.thoughtworks.biblioteca.options.CheckOutMoviesMenuOptionTest" name="shouldCheckoutMovieIfTheMovieIsInAvailableList" time="0.001" />

      <system-out><![CDATA[22:21:24,041 |-INFO in ch.qos.logback.classic.LoggerContext[default] - Could NOT find resource [logback.groovy]
22:21:24,042 |-INFO in ch.qos.logback.classic.LoggerContext[default] - Could NOT find resource [logback-test.xml]
22:21:24,042 |-INFO in ch.qos.logback.classic.LoggerContext[default] - Found resource [logback.xml] at [jar:file:/Users/keerthas/IdeaProjects/Biblioteca/lib/cobertura-2.1.1-sources.jar!/logback.xml]
22:21:24,043 |-WARN in ch.qos.logback.classic.LoggerContext[default] - Resource [logback.xml] occurs multiple times on the classpath.
22:21:24,043 |-WARN in ch.qos.logback.classic.LoggerContext[default] - Resource [logback.xml] occurs at [jar:file:/Users/keerthas/IdeaProjects/Biblioteca/lib/cobertura-2.1.1-sources.jar!/logback.xml]
22:21:24,043 |-WARN in ch.qos.logback.classic.LoggerContext[default] - Resource [logback.xml] occurs at [jar:file:/Users/keerthas/IdeaProjects/Biblioteca/lib/cobertura-2.1.1.jar!/logback.xml]
22:21:24,064 |-INFO in ch.qos.logback.core.joran.spi.ConfigurationWatchList@4ccd37f3 - URL [jar:file:/Users/keerthas/IdeaProjects/Biblioteca/lib/cobertura-2.1.1-sources.jar!/logback.xml] is not of type file
22:21:24,106 |-INFO in ch.qos.logback.classic.joran.action.ConfigurationAction - debug attribute not set
22:21:24,107 |-INFO in ch.qos.logback.core.joran.action.AppenderAction - About to instantiate appender of type [ch.qos.logback.core.ConsoleAppender]
22:21:24,117 |-INFO in ch.qos.logback.core.joran.action.AppenderAction - Naming appender as [STDOUT]
22:21:24,141 |-INFO in ch.qos.logback.core.joran.action.NestedComplexPropertyIA - Assuming default type [ch.qos.logback.classic.encoder.PatternLayoutEncoder] for [encoder] property
22:21:24,178 |-INFO in ch.qos.logback.classic.joran.action.LoggerAction - Setting level of logger [net.sourceforge.cobertura] to INFO
22:21:24,178 |-INFO in ch.qos.logback.classic.joran.action.RootLoggerAction - Setting level of ROOT logger to DEBUG
22:21:24,179 |-INFO in ch.qos.logback.core.joran.action.AppenderRefAction - Attaching appender named [STDOUT] to Logger[ROOT]
22:21:24,179 |-INFO in ch.qos.logback.classic.joran.action.ConfigurationAction - End of configuration.
22:21:24,180 |-INFO in ch.qos.logback.classic.joran.JoranConfigurator@351459e9 - Registering current configuration as safe fallback point

]]></system-out>

      <system-err><![CDATA[]]></system-err>

  </testsuite>
  <testsuite errors="0" failures="0" hostname="INkeerthas.local" id="10" name="InvalidMenuOptionTest" package="com.thoughtworks.biblioteca.options" skipped="0" tests="1" time="0.235" timestamp="2015-09-18T16:51:25">
      <properties>
[...]
</properties>

      <testcase classname="com.thoughtworks.biblioteca.options.InvalidMenuOptionTest" name="shouldDisplayInvalidMenuMessage" time="0.183" />

      <system-out><![CDATA[22:21:25,623 |-INFO in ch.qos.logback.classic.LoggerContext[default] - Could NOT find resource [logback.groovy]
22:21:25,624 |-INFO in ch.qos.logback.classic.LoggerContext[default] - Could NOT find resource [logback-test.xml]
22:21:25,624 |-INFO in ch.qos.logback.classic.LoggerContext[default] - Found resource [logback.xml] at [jar:file:/Users/keerthas/IdeaProjects/Biblioteca/lib/cobertura-2.1.1-sources.jar!/logback.xml]
22:21:25,625 |-WARN in ch.qos.logback.classic.LoggerContext[default] - Resource [logback.xml] occurs multiple times on the classpath.
22:21:25,625 |-WARN in ch.qos.logback.classic.LoggerContext[default] - Resource [logback.xml] occurs at [jar:file:/Users/keerthas/IdeaProjects/Biblioteca/lib/cobertura-2.1.1-sources.jar!/logback.xml]
22:21:25,625 |-WARN in ch.qos.logback.classic.LoggerContext[default] - Resource [logback.xml] occurs at [jar:file:/Users/keerthas/IdeaProjects/Biblioteca/lib/cobertura-2.1.1.jar!/logback.xml]
22:21:25,645 |-INFO in ch.qos.logback.core.joran.spi.ConfigurationWatchList@5448d00d - URL [jar:file:/Users/keerthas/IdeaProjects/Biblioteca/lib/cobertura-2.1.1-sources.jar!/logback.xml] is not of type file
22:21:25,685 |-INFO in ch.qos.logback.classic.joran.action.ConfigurationAction - debug attribute not set
22:21:25,686 |-INFO in ch.qos.logback.core.joran.action.AppenderAction - About to instantiate appender of type [ch.qos.logback.core.ConsoleAppender]
22:21:25,696 |-INFO in ch.qos.logback.core.joran.action.AppenderAction - Naming appender as [STDOUT]
22:21:25,719 |-INFO in ch.qos.logback.core.joran.action.NestedComplexPropertyIA - Assuming default type [ch.qos.logback.classic.encoder.PatternLayoutEncoder] for [encoder] property
22:21:25,756 |-INFO in ch.qos.logback.classic.joran.action.LoggerAction - Setting level of logger [net.sourceforge.cobertura] to INFO
22:21:25,756 |-INFO in ch.qos.logback.classic.joran.action.RootLoggerAction - Setting level of ROOT logger to DEBUG
22:21:25,756 |-INFO in ch.qos.logback.core.joran.action.AppenderRefAction - Attaching appender named [STDOUT] to Logger[ROOT]
22:21:25,756 |-INFO in ch.qos.logback.classic.joran.action.ConfigurationAction - End of configuration.
22:21:25,757 |-INFO in ch.qos.logback.classic.joran.JoranConfigurator@785330b5 - Registering current configuration as safe fallback point

]]></system-out>

      <system-err><![CDATA[]]></system-err>

  </testsuite>
  <testsuite errors="0" failures="0" hostname="INkeerthas.local" id="11" name="ListLibraryItemMenuOptionTest" package="com.thoughtworks.biblioteca.options" skipped="0" tests="1" time="0.237" timestamp="2015-09-18T16:51:27">
      <properties>
[...]
</properties>

      <testcase classname="com.thoughtworks.biblioteca.options.ListLibraryItemMenuOptionTest" name="shouldDisplayListOfBooks" time="0.002" />

      <system-out><![CDATA[22:21:27,187 |-INFO in ch.qos.logback.classic.LoggerContext[default] - Could NOT find resource [logback.groovy]
22:21:27,187 |-INFO in ch.qos.logback.classic.LoggerContext[default] - Could NOT find resource [logback-test.xml]
22:21:27,187 |-INFO in ch.qos.logback.classic.LoggerContext[default] - Found resource [logback.xml] at [jar:file:/Users/keerthas/IdeaProjects/Biblioteca/lib/cobertura-2.1.1-sources.jar!/logback.xml]
22:21:27,188 |-WARN in ch.qos.logback.classic.LoggerContext[default] - Resource [logback.xml] occurs multiple times on the classpath.
22:21:27,188 |-WARN in ch.qos.logback.classic.LoggerContext[default] - Resource [logback.xml] occurs at [jar:file:/Users/keerthas/IdeaProjects/Biblioteca/lib/cobertura-2.1.1-sources.jar!/logback.xml]
22:21:27,188 |-WARN in ch.qos.logback.classic.LoggerContext[default] - Resource [logback.xml] occurs at [jar:file:/Users/keerthas/IdeaProjects/Biblioteca/lib/cobertura-2.1.1.jar!/logback.xml]
22:21:27,208 |-INFO in ch.qos.logback.core.joran.spi.ConfigurationWatchList@1c06d198 - URL [jar:file:/Users/keerthas/IdeaProjects/Biblioteca/lib/cobertura-2.1.1-sources.jar!/logback.xml] is not of type file
22:21:27,250 |-INFO in ch.qos.logback.classic.joran.action.ConfigurationAction - debug attribute not set
22:21:27,252 |-INFO in ch.qos.logback.core.joran.action.AppenderAction - About to instantiate appender of type [ch.qos.logback.core.ConsoleAppender]
22:21:27,262 |-INFO in ch.qos.logback.core.joran.action.AppenderAction - Naming appender as [STDOUT]
22:21:27,285 |-INFO in ch.qos.logback.core.joran.action.NestedComplexPropertyIA - Assuming default type [ch.qos.logback.classic.encoder.PatternLayoutEncoder] for [encoder] property
22:21:27,322 |-INFO in ch.qos.logback.classic.joran.action.LoggerAction - Setting level of logger [net.sourceforge.cobertura] to INFO
22:21:27,322 |-INFO in ch.qos.logback.classic.joran.action.RootLoggerAction - Setting level of ROOT logger to DEBUG
22:21:27,322 |-INFO in ch.qos.logback.core.joran.action.AppenderRefAction - Attaching appender named [STDOUT] to Logger[ROOT]
22:21:27,323 |-INFO in ch.qos.logback.classic.joran.action.ConfigurationAction - End of configuration.
22:21:27,324 |-INFO in ch.qos.logback.classic.joran.JoranConfigurator@3aa6088 - Registering current configuration as safe fallback point

]]></system-out>

      <system-err><![CDATA[]]></system-err>

  </testsuite>
  <testsuite errors="0" failures="0" hostname="INkeerthas.local" id="12" name="LoginMenuOptionTest" package="com.thoughtworks.biblioteca.options" skipped="0" tests="3" time="0.375" timestamp="2015-09-18T16:51:28">
      <properties>
[...]
</properties>

      <testcase classname="com.thoughtworks.biblioteca.options.LoginMenuOptionTest" name="shouldDisplayLoginUnSuccessfulForAdmin" time="0.318" />

      <testcase classname="com.thoughtworks.biblioteca.options.LoginMenuOptionTest" name="shouldDisplayLoginUnSuccessfulForGuestUser" time="0.001" />

      <testcase classname="com.thoughtworks.biblioteca.options.LoginMenuOptionTest" name="shouldDisplayLoginSuccessfulForLoggedInUser" time="0.001" />

      <system-out><![CDATA[22:21:28,912 |-INFO in ch.qos.logback.classic.LoggerContext[default] - Could NOT find resource [logback.groovy]
22:21:28,912 |-INFO in ch.qos.logback.classic.LoggerContext[default] - Could NOT find resource [logback-test.xml]
22:21:28,912 |-INFO in ch.qos.logback.classic.LoggerContext[default] - Found resource [logback.xml] at [jar:file:/Users/keerthas/IdeaProjects/Biblioteca/lib/cobertura-2.1.1-sources.jar!/logback.xml]
22:21:28,913 |-WARN in ch.qos.logback.classic.LoggerContext[default] - Resource [logback.xml] occurs multiple times on the classpath.
22:21:28,913 |-WARN in ch.qos.logback.classic.LoggerContext[default] - Resource [logback.xml] occurs at [jar:file:/Users/keerthas/IdeaProjects/Biblioteca/lib/cobertura-2.1.1-sources.jar!/logback.xml]
22:21:28,913 |-WARN in ch.qos.logback.classic.LoggerContext[default] - Resource [logback.xml] occurs at [jar:file:/Users/keerthas/IdeaProjects/Biblioteca/lib/cobertura-2.1.1.jar!/logback.xml]
22:21:28,927 |-INFO in ch.qos.logback.core.joran.spi.ConfigurationWatchList@4cdbe837 - URL [jar:file:/Users/keerthas/IdeaProjects/Biblioteca/lib/cobertura-2.1.1-sources.jar!/logback.xml] is not of type file
22:21:28,962 |-INFO in ch.qos.logback.classic.joran.action.ConfigurationAction - debug attribute not set
22:21:28,964 |-INFO in ch.qos.logback.core.joran.action.AppenderAction - About to instantiate appender of type [ch.qos.logback.core.ConsoleAppender]
22:21:28,971 |-INFO in ch.qos.logback.core.joran.action.AppenderAction - Naming appender as [STDOUT]
22:21:28,989 |-INFO in ch.qos.logback.core.joran.action.NestedComplexPropertyIA - Assuming default type [ch.qos.logback.classic.encoder.PatternLayoutEncoder] for [encoder] property
22:21:29,024 |-INFO in ch.qos.logback.classic.joran.action.LoggerAction - Setting level of logger [net.sourceforge.cobertura] to INFO
22:21:29,024 |-INFO in ch.qos.logback.classic.joran.action.RootLoggerAction - Setting level of ROOT logger to DEBUG
22:21:29,025 |-INFO in ch.qos.logback.core.joran.action.AppenderRefAction - Attaching appender named [STDOUT] to Logger[ROOT]
22:21:29,025 |-INFO in ch.qos.logback.classic.joran.action.ConfigurationAction - End of configuration.
22:21:29,026 |-INFO in ch.qos.logback.classic.joran.JoranConfigurator@796a9a4c - Registering current configuration as safe fallback point

]]></system-out>

      <system-err><![CDATA[]]></system-err>

  </testsuite>
  <testsuite errors="0" failures="0" hostname="INkeerthas.local" id="13" name="LogoutMenuOptionTest" package="com.thoughtworks.biblioteca.options" skipped="0" tests="2" time="0.398" timestamp="2015-09-18T16:51:30">
      <properties>
[...]
</properties>

      <testcase classname="com.thoughtworks.biblioteca.options.LogoutMenuOptionTest" name="shouldDisplayLogOutSuccessfulForGuestUser" time="0.341" />

      <testcase classname="com.thoughtworks.biblioteca.options.LogoutMenuOptionTest" name="shouldDisplayLogOutUnSuccessfulForLoggedInUser" time="0.002" />

      <system-out><![CDATA[22:21:30,641 |-INFO in ch.qos.logback.classic.LoggerContext[default] - Could NOT find resource [logback.groovy]
22:21:30,641 |-INFO in ch.qos.logback.classic.LoggerContext[default] - Could NOT find resource [logback-test.xml]
22:21:30,642 |-INFO in ch.qos.logback.classic.LoggerContext[default] - Found resource [logback.xml] at [jar:file:/Users/keerthas/IdeaProjects/Biblioteca/lib/cobertura-2.1.1-sources.jar!/logback.xml]
22:21:30,642 |-WARN in ch.qos.logback.classic.LoggerContext[default] - Resource [logback.xml] occurs multiple times on the classpath.
22:21:30,642 |-WARN in ch.qos.logback.classic.LoggerContext[default] - Resource [logback.xml] occurs at [jar:file:/Users/keerthas/IdeaProjects/Biblioteca/lib/cobertura-2.1.1-sources.jar!/logback.xml]
22:21:30,642 |-WARN in ch.qos.logback.classic.LoggerContext[default] - Resource [logback.xml] occurs at [jar:file:/Users/keerthas/IdeaProjects/Biblioteca/lib/cobertura-2.1.1.jar!/logback.xml]
22:21:30,658 |-INFO in ch.qos.logback.core.joran.spi.ConfigurationWatchList@417858a9 - URL [jar:file:/Users/keerthas/IdeaProjects/Biblioteca/lib/cobertura-2.1.1-sources.jar!/logback.xml] is not of type file
22:21:30,697 |-INFO in ch.qos.logback.classic.joran.action.ConfigurationAction - debug attribute not set
22:21:30,698 |-INFO in ch.qos.logback.core.joran.action.AppenderAction - About to instantiate appender of type [ch.qos.logback.core.ConsoleAppender]
22:21:30,706 |-INFO in ch.qos.logback.core.joran.action.AppenderAction - Naming appender as [STDOUT]
22:21:30,726 |-INFO in ch.qos.logback.core.joran.action.NestedComplexPropertyIA - Assuming default type [ch.qos.logback.classic.encoder.PatternLayoutEncoder] for [encoder] property
22:21:30,762 |-INFO in ch.qos.logback.classic.joran.action.LoggerAction - Setting level of logger [net.sourceforge.cobertura] to INFO
22:21:30,762 |-INFO in ch.qos.logback.classic.joran.action.RootLoggerAction - Setting level of ROOT logger to DEBUG
22:21:30,762 |-INFO in ch.qos.logback.core.joran.action.AppenderRefAction - Attaching appender named [STDOUT] to Logger[ROOT]
22:21:30,763 |-INFO in ch.qos.logback.classic.joran.action.ConfigurationAction - End of configuration.
22:21:30,764 |-INFO in ch.qos.logback.classic.joran.JoranConfigurator@4404e0d3 - Registering current configuration as safe fallback point

]]></system-out>

      <system-err><![CDATA[]]></system-err>

  </testsuite>
  <testsuite errors="0" failures="0" hostname="INkeerthas.local" id="14" name="QuitMenuOptionTest" package="com.thoughtworks.biblioteca.options" skipped="0" tests="1" time="0.242" timestamp="2015-09-18T16:51:32">
      <properties>
[...]
</properties>

      <testcase classname="com.thoughtworks.biblioteca.options.QuitMenuOptionTest" name="shouldExitIfOptionTwoIsChosen" time="0.185" />

      <system-out><![CDATA[22:21:32,249 |-INFO in ch.qos.logback.classic.LoggerContext[default] - Could NOT find resource [logback.groovy]
22:21:32,250 |-INFO in ch.qos.logback.classic.LoggerContext[default] - Could NOT find resource [logback-test.xml]
22:21:32,250 |-INFO in ch.qos.logback.classic.LoggerContext[default] - Found resource [logback.xml] at [jar:file:/Users/keerthas/IdeaProjects/Biblioteca/lib/cobertura-2.1.1-sources.jar!/logback.xml]
22:21:32,251 |-WARN in ch.qos.logback.classic.LoggerContext[default] - Resource [logback.xml] occurs multiple times on the classpath.
22:21:32,251 |-WARN in ch.qos.logback.classic.LoggerContext[default] - Resource [logback.xml] occurs at [jar:file:/Users/keerthas/IdeaProjects/Biblioteca/lib/cobertura-2.1.1-sources.jar!/logback.xml]
22:21:32,251 |-WARN in ch.qos.logback.classic.LoggerContext[default] - Resource [logback.xml] occurs at [jar:file:/Users/keerthas/IdeaProjects/Biblioteca/lib/cobertura-2.1.1.jar!/logback.xml]
22:21:32,271 |-INFO in ch.qos.logback.core.joran.spi.ConfigurationWatchList@2fb1a4cc - URL [jar:file:/Users/keerthas/IdeaProjects/Biblioteca/lib/cobertura-2.1.1-sources.jar!/logback.xml] is not of type file
22:21:32,313 |-INFO in ch.qos.logback.classic.joran.action.ConfigurationAction - debug attribute not set
22:21:32,315 |-INFO in ch.qos.logback.core.joran.action.AppenderAction - About to instantiate appender of type [ch.qos.logback.core.ConsoleAppender]
22:21:32,326 |-INFO in ch.qos.logback.core.joran.action.AppenderAction - Naming appender as [STDOUT]
22:21:32,347 |-INFO in ch.qos.logback.core.joran.action.NestedComplexPropertyIA - Assuming default type [ch.qos.logback.classic.encoder.PatternLayoutEncoder] for [encoder] property
22:21:32,383 |-INFO in ch.qos.logback.classic.joran.action.LoggerAction - Setting level of logger [net.sourceforge.cobertura] to INFO
22:21:32,383 |-INFO in ch.qos.logback.classic.joran.action.RootLoggerAction - Setting level of ROOT logger to DEBUG
22:21:32,383 |-INFO in ch.qos.logback.core.joran.action.AppenderRefAction - Attaching appender named [STDOUT] to Logger[ROOT]
22:21:32,384 |-INFO in ch.qos.logback.classic.joran.action.ConfigurationAction - End of configuration.
22:21:32,385 |-INFO in ch.qos.logback.classic.joran.JoranConfigurator@37ba658a - Registering current configuration as safe fallback point

]]></system-out>

      <system-err><![CDATA[]]></system-err>

  </testsuite>
  <testsuite errors="0" failures="0" hostname="INkeerthas.local" id="15" name="ReturnBookMenuOptionTest" package="com.thoughtworks.biblioteca.options" skipped="0" tests="2" time="0.24" timestamp="2015-09-18T16:51:33">
      <properties>
[...]
</properties>

      <testcase classname="com.thoughtworks.biblioteca.options.ReturnBookMenuOptionTest" name="shouldPrintMessageForSuccessfulReturn" time="0.005" />

      <testcase classname="com.thoughtworks.biblioteca.options.ReturnBookMenuOptionTest" name="shouldPrintMessageForUnSuccessfulReturn" time="0.001" />

      <system-out><![CDATA[22:21:33,813 |-INFO in ch.qos.logback.classic.LoggerContext[default] - Could NOT find resource [logback.groovy]
22:21:33,813 |-INFO in ch.qos.logback.classic.LoggerContext[default] - Could NOT find resource [logback-test.xml]
22:21:33,813 |-INFO in ch.qos.logback.classic.LoggerContext[default] - Found resource [logback.xml] at [jar:file:/Users/keerthas/IdeaProjects/Biblioteca/lib/cobertura-2.1.1-sources.jar!/logback.xml]
22:21:33,814 |-WARN in ch.qos.logback.classic.LoggerContext[default] - Resource [logback.xml] occurs multiple times on the classpath.
22:21:33,814 |-WARN in ch.qos.logback.classic.LoggerContext[default] - Resource [logback.xml] occurs at [jar:file:/Users/keerthas/IdeaProjects/Biblioteca/lib/cobertura-2.1.1-sources.jar!/logback.xml]
22:21:33,814 |-WARN in ch.qos.logback.classic.LoggerContext[default] - Resource [logback.xml] occurs at [jar:file:/Users/keerthas/IdeaProjects/Biblioteca/lib/cobertura-2.1.1.jar!/logback.xml]
22:21:33,834 |-INFO in ch.qos.logback.core.joran.spi.ConfigurationWatchList@10e5ab41 - URL [jar:file:/Users/keerthas/IdeaProjects/Biblioteca/lib/cobertura-2.1.1-sources.jar!/logback.xml] is not of type file
22:21:33,878 |-INFO in ch.qos.logback.classic.joran.action.ConfigurationAction - debug attribute not set
22:21:33,880 |-INFO in ch.qos.logback.core.joran.action.AppenderAction - About to instantiate appender of type [ch.qos.logback.core.ConsoleAppender]
22:21:33,890 |-INFO in ch.qos.logback.core.joran.action.AppenderAction - Naming appender as [STDOUT]
22:21:33,913 |-INFO in ch.qos.logback.core.joran.action.NestedComplexPropertyIA - Assuming default type [ch.qos.logback.classic.encoder.PatternLayoutEncoder] for [encoder] property
22:21:33,949 |-INFO in ch.qos.logback.classic.joran.action.LoggerAction - Setting level of logger [net.sourceforge.cobertura] to INFO
22:21:33,949 |-INFO in ch.qos.logback.classic.joran.action.RootLoggerAction - Setting level of ROOT logger to DEBUG
22:21:33,949 |-INFO in ch.qos.logback.core.joran.action.AppenderRefAction - Attaching appender named [STDOUT] to Logger[ROOT]
22:21:33,950 |-INFO in ch.qos.logback.classic.joran.action.ConfigurationAction - End of configuration.
22:21:33,951 |-INFO in ch.qos.logback.classic.joran.JoranConfigurator@564e4111 - Registering current configuration as safe fallback point

]]></system-out>

      <system-err><![CDATA[]]></system-err>

  </testsuite>
  <testsuite errors="0" failures="0" hostname="INkeerthas.local" id="16" name="UserInformationMenuOptionTest" package="com.thoughtworks.biblioteca.options" skipped="0" tests="1" time="0.236" timestamp="2015-09-18T16:51:35">
      <properties>
[...]
</properties>

      <testcase classname="com.thoughtworks.biblioteca.options.UserInformationMenuOptionTest" name="shouldDisplayFormattedUserInformation" time="0.186" />

      <system-out><![CDATA[22:21:35,400 |-INFO in ch.qos.logback.classic.LoggerContext[default] - Could NOT find resource [logback.groovy]
22:21:35,401 |-INFO in ch.qos.logback.classic.LoggerContext[default] - Could NOT find resource [logback-test.xml]
22:21:35,401 |-INFO in ch.qos.logback.classic.LoggerContext[default] - Found resource [logback.xml] at [jar:file:/Users/keerthas/IdeaProjects/Biblioteca/lib/cobertura-2.1.1-sources.jar!/logback.xml]
22:21:35,402 |-WARN in ch.qos.logback.classic.LoggerContext[default] - Resource [logback.xml] occurs multiple times on the classpath.
22:21:35,402 |-WARN in ch.qos.logback.classic.LoggerContext[default] - Resource [logback.xml] occurs at [jar:file:/Users/keerthas/IdeaProjects/Biblioteca/lib/cobertura-2.1.1-sources.jar!/logback.xml]
22:21:35,402 |-WARN in ch.qos.logback.classic.LoggerContext[default] - Resource [logback.xml] occurs at [jar:file:/Users/keerthas/IdeaProjects/Biblioteca/lib/cobertura-2.1.1.jar!/logback.xml]
22:21:35,422 |-INFO in ch.qos.logback.core.joran.spi.ConfigurationWatchList@631b380e - URL [jar:file:/Users/keerthas/IdeaProjects/Biblioteca/lib/cobertura-2.1.1-sources.jar!/logback.xml] is not of type file
22:21:35,462 |-INFO in ch.qos.logback.classic.joran.action.ConfigurationAction - debug attribute not set
22:21:35,464 |-INFO in ch.qos.logback.core.joran.action.AppenderAction - About to instantiate appender of type [ch.qos.logback.core.ConsoleAppender]
22:21:35,474 |-INFO in ch.qos.logback.core.joran.action.AppenderAction - Naming appender as [STDOUT]
22:21:35,497 |-INFO in ch.qos.logback.core.joran.action.NestedComplexPropertyIA - Assuming default type [ch.qos.logback.classic.encoder.PatternLayoutEncoder] for [encoder] property
22:21:35,534 |-INFO in ch.qos.logback.classic.joran.action.LoggerAction - Setting level of logger [net.sourceforge.cobertura] to INFO
22:21:35,534 |-INFO in ch.qos.logback.classic.joran.action.RootLoggerAction - Setting level of ROOT logger to DEBUG
22:21:35,534 |-INFO in ch.qos.logback.core.joran.action.AppenderRefAction - Attaching appender named [STDOUT] to Logger[ROOT]
22:21:35,535 |-INFO in ch.qos.logback.classic.joran.action.ConfigurationAction - End of configuration.
22:21:35,536 |-INFO in ch.qos.logback.classic.joran.JoranConfigurator@ffd51f7 - Registering current configuration as safe fallback point

]]></system-out>

      <system-err><![CDATA[]]></system-err>

  </testsuite>
  <testsuite errors="0" failures="0" hostname="INkeerthas.local" id="17" name="AdminRoleTest" package="com.thoughtworks.biblioteca.user" skipped="0" tests="2" time="0.239" timestamp="2015-09-18T16:51:36">
      <properties>
[...]
</properties>

      <testcase classname="com.thoughtworks.biblioteca.user.AdminRoleTest" name="shouldReturnTrueForCheckedBookAllowed" time="0.001" />

      <testcase classname="com.thoughtworks.biblioteca.user.AdminRoleTest" name="shouldReturnListOfMenuOptions" time="0.001" />

      <system-out><![CDATA[22:21:36,970 |-INFO in ch.qos.logback.classic.LoggerContext[default] - Could NOT find resource [logback.groovy]
22:21:36,970 |-INFO in ch.qos.logback.classic.LoggerContext[default] - Could NOT find resource [logback-test.xml]
22:21:36,970 |-INFO in ch.qos.logback.classic.LoggerContext[default] - Found resource [logback.xml] at [jar:file:/Users/keerthas/IdeaProjects/Biblioteca/lib/cobertura-2.1.1-sources.jar!/logback.xml]
22:21:36,971 |-WARN in ch.qos.logback.classic.LoggerContext[default] - Resource [logback.xml] occurs multiple times on the classpath.
22:21:36,971 |-WARN in ch.qos.logback.classic.LoggerContext[default] - Resource [logback.xml] occurs at [jar:file:/Users/keerthas/IdeaProjects/Biblioteca/lib/cobertura-2.1.1-sources.jar!/logback.xml]
22:21:36,971 |-WARN in ch.qos.logback.classic.LoggerContext[default] - Resource [logback.xml] occurs at [jar:file:/Users/keerthas/IdeaProjects/Biblioteca/lib/cobertura-2.1.1.jar!/logback.xml]
22:21:36,991 |-INFO in ch.qos.logback.core.joran.spi.ConfigurationWatchList@18bbe4d3 - URL [jar:file:/Users/keerthas/IdeaProjects/Biblioteca/lib/cobertura-2.1.1-sources.jar!/logback.xml] is not of type file
22:21:37,033 |-INFO in ch.qos.logback.classic.joran.action.ConfigurationAction - debug attribute not set
22:21:37,034 |-INFO in ch.qos.logback.core.joran.action.AppenderAction - About to instantiate appender of type [ch.qos.logback.core.ConsoleAppender]
22:21:37,044 |-INFO in ch.qos.logback.core.joran.action.AppenderAction - Naming appender as [STDOUT]
22:21:37,068 |-INFO in ch.qos.logback.core.joran.action.NestedComplexPropertyIA - Assuming default type [ch.qos.logback.classic.encoder.PatternLayoutEncoder] for [encoder] property
22:21:37,104 |-INFO in ch.qos.logback.classic.joran.action.LoggerAction - Setting level of logger [net.sourceforge.cobertura] to INFO
22:21:37,104 |-INFO in ch.qos.logback.classic.joran.action.RootLoggerAction - Setting level of ROOT logger to DEBUG
22:21:37,104 |-INFO in ch.qos.logback.core.joran.action.AppenderRefAction - Attaching appender named [STDOUT] to Logger[ROOT]
22:21:37,105 |-INFO in ch.qos.logback.classic.joran.action.ConfigurationAction - End of configuration.
22:21:37,106 |-INFO in ch.qos.logback.classic.joran.JoranConfigurator@57abe554 - Registering current configuration as safe fallback point

]]></system-out>

      <system-err><![CDATA[]]></system-err>

  </testsuite>
  <testsuite errors="0" failures="0" hostname="INkeerthas.local" id="18" name="GuestRoleTest" package="com.thoughtworks.biblioteca.user" skipped="0" tests="2" time="0.233" timestamp="2015-09-18T16:51:38">
      <properties>
[...]
</properties>

      <testcase classname="com.thoughtworks.biblioteca.user.GuestRoleTest" name="shouldReturnListOfMenuOptions" time="0.001" />

      <testcase classname="com.thoughtworks.biblioteca.user.GuestRoleTest" name="shouldReturnFalseForCheckedBookAllowed" time="0.0" />

      <system-out><![CDATA[22:21:38,545 |-INFO in ch.qos.logback.classic.LoggerContext[default] - Could NOT find resource [logback.groovy]
22:21:38,545 |-INFO in ch.qos.logback.classic.LoggerContext[default] - Could NOT find resource [logback-test.xml]
22:21:38,546 |-INFO in ch.qos.logback.classic.LoggerContext[default] - Found resource [logback.xml] at [jar:file:/Users/keerthas/IdeaProjects/Biblioteca/lib/cobertura-2.1.1-sources.jar!/logback.xml]
22:21:38,547 |-WARN in ch.qos.logback.classic.LoggerContext[default] - Resource [logback.xml] occurs multiple times on the classpath.
22:21:38,547 |-WARN in ch.qos.logback.classic.LoggerContext[default] - Resource [logback.xml] occurs at [jar:file:/Users/keerthas/IdeaProjects/Biblioteca/lib/cobertura-2.1.1-sources.jar!/logback.xml]
22:21:38,547 |-WARN in ch.qos.logback.classic.LoggerContext[default] - Resource [logback.xml] occurs at [jar:file:/Users/keerthas/IdeaProjects/Biblioteca/lib/cobertura-2.1.1.jar!/logback.xml]
22:21:38,567 |-INFO in ch.qos.logback.core.joran.spi.ConfigurationWatchList@7a674e9b - URL [jar:file:/Users/keerthas/IdeaProjects/Biblioteca/lib/cobertura-2.1.1-sources.jar!/logback.xml] is not of type file
22:21:38,608 |-INFO in ch.qos.logback.classic.joran.action.ConfigurationAction - debug attribute not set
22:21:38,609 |-INFO in ch.qos.logback.core.joran.action.AppenderAction - About to instantiate appender of type [ch.qos.logback.core.ConsoleAppender]
22:21:38,619 |-INFO in ch.qos.logback.core.joran.action.AppenderAction - Naming appender as [STDOUT]
22:21:38,642 |-INFO in ch.qos.logback.core.joran.action.NestedComplexPropertyIA - Assuming default type [ch.qos.logback.classic.encoder.PatternLayoutEncoder] for [encoder] property
22:21:38,679 |-INFO in ch.qos.logback.classic.joran.action.LoggerAction - Setting level of logger [net.sourceforge.cobertura] to INFO
22:21:38,679 |-INFO in ch.qos.logback.classic.joran.action.RootLoggerAction - Setting level of ROOT logger to DEBUG
22:21:38,679 |-INFO in ch.qos.logback.core.joran.action.AppenderRefAction - Attaching appender named [STDOUT] to Logger[ROOT]
22:21:38,680 |-INFO in ch.qos.logback.classic.joran.action.ConfigurationAction - End of configuration.
22:21:38,681 |-INFO in ch.qos.logback.classic.joran.JoranConfigurator@1459e0e5 - Registering current configuration as safe fallback point

]]></system-out>

      <system-err><![CDATA[]]></system-err>

  </testsuite>
  <testsuite errors="0" failures="0" hostname="INkeerthas.local" id="19" name="LoggedInUserRoleTest" package="com.thoughtworks.biblioteca.user" skipped="0" tests="2" time="0.234" timestamp="2015-09-18T16:51:40">
      <properties>
[...]
</properties>

      <testcase classname="com.thoughtworks.biblioteca.user.LoggedInUserRoleTest" name="shouldReturnTrueForCheckedBookAllowed" time="0.001" />

      <testcase classname="com.thoughtworks.biblioteca.user.LoggedInUserRoleTest" name="shouldReturnListOfMenuOptions" time="0.0" />

      <system-out><![CDATA[22:21:40,114 |-INFO in ch.qos.logback.classic.LoggerContext[default] - Could NOT find resource [logback.groovy]
22:21:40,114 |-INFO in ch.qos.logback.classic.LoggerContext[default] - Could NOT find resource [logback-test.xml]
22:21:40,114 |-INFO in ch.qos.logback.classic.LoggerContext[default] - Found resource [logback.xml] at [jar:file:/Users/keerthas/IdeaProjects/Biblioteca/lib/cobertura-2.1.1-sources.jar!/logback.xml]
22:21:40,116 |-WARN in ch.qos.logback.classic.LoggerContext[default] - Resource [logback.xml] occurs multiple times on the classpath.
22:21:40,116 |-WARN in ch.qos.logback.classic.LoggerContext[default] - Resource [logback.xml] occurs at [jar:file:/Users/keerthas/IdeaProjects/Biblioteca/lib/cobertura-2.1.1-sources.jar!/logback.xml]
22:21:40,116 |-WARN in ch.qos.logback.classic.LoggerContext[default] - Resource [logback.xml] occurs at [jar:file:/Users/keerthas/IdeaProjects/Biblioteca/lib/cobertura-2.1.1.jar!/logback.xml]
22:21:40,138 |-INFO in ch.qos.logback.core.joran.spi.ConfigurationWatchList@18bbe4d3 - URL [jar:file:/Users/keerthas/IdeaProjects/Biblioteca/lib/cobertura-2.1.1-sources.jar!/logback.xml] is not of type file
22:21:40,178 |-INFO in ch.qos.logback.classic.joran.action.ConfigurationAction - debug attribute not set
22:21:40,180 |-INFO in ch.qos.logback.core.joran.action.AppenderAction - About to instantiate appender of type [ch.qos.logback.core.ConsoleAppender]
22:21:40,189 |-INFO in ch.qos.logback.core.joran.action.AppenderAction - Naming appender as [STDOUT]
22:21:40,213 |-INFO in ch.qos.logback.core.joran.action.NestedComplexPropertyIA - Assuming default type [ch.qos.logback.classic.encoder.PatternLayoutEncoder] for [encoder] property
22:21:40,250 |-INFO in ch.qos.logback.classic.joran.action.LoggerAction - Setting level of logger [net.sourceforge.cobertura] to INFO
22:21:40,250 |-INFO in ch.qos.logback.classic.joran.action.RootLoggerAction - Setting level of ROOT logger to DEBUG
22:21:40,250 |-INFO in ch.qos.logback.core.joran.action.AppenderRefAction - Attaching appender named [STDOUT] to Logger[ROOT]
22:21:40,250 |-INFO in ch.qos.logback.classic.joran.action.ConfigurationAction - End of configuration.
22:21:40,251 |-INFO in ch.qos.logback.classic.joran.JoranConfigurator@57abe554 - Registering current configuration as safe fallback point

]]></system-out>

      <system-err><![CDATA[]]></system-err>

  </testsuite>
  <testsuite errors="0" failures="0" hostname="INkeerthas.local" id="20" name="RoleTest" package="com.thoughtworks.biblioteca.user" skipped="0" tests="3" time="0.241" timestamp="2015-09-18T16:51:41">
      <properties>
[...]
</properties>

      <testcase classname="com.thoughtworks.biblioteca.user.RoleTest" name="shouldReturnGuestOptionsWhenGuestIsSet" time="0.186" />

      <testcase classname="com.thoughtworks.biblioteca.user.RoleTest" name="shouldReturnUserOptionsWhenUserValueIsSet" time="0.001" />

      <testcase classname="com.thoughtworks.biblioteca.user.RoleTest" name="shouldReturnAdminOptionsWhenAdminValueIsSet" time="0.001" />

      <system-out><![CDATA[22:21:41,685 |-INFO in ch.qos.logback.classic.LoggerContext[default] - Could NOT find resource [logback.groovy]
22:21:41,685 |-INFO in ch.qos.logback.classic.LoggerContext[default] - Could NOT find resource [logback-test.xml]
22:21:41,685 |-INFO in ch.qos.logback.classic.LoggerContext[default] - Found resource [logback.xml] at [jar:file:/Users/keerthas/IdeaProjects/Biblioteca/lib/cobertura-2.1.1-sources.jar!/logback.xml]
22:21:41,687 |-WARN in ch.qos.logback.classic.LoggerContext[default] - Resource [logback.xml] occurs multiple times on the classpath.
22:21:41,687 |-WARN in ch.qos.logback.classic.LoggerContext[default] - Resource [logback.xml] occurs at [jar:file:/Users/keerthas/IdeaProjects/Biblioteca/lib/cobertura-2.1.1-sources.jar!/logback.xml]
22:21:41,687 |-WARN in ch.qos.logback.classic.LoggerContext[default] - Resource [logback.xml] occurs at [jar:file:/Users/keerthas/IdeaProjects/Biblioteca/lib/cobertura-2.1.1.jar!/logback.xml]
22:21:41,708 |-INFO in ch.qos.logback.core.joran.spi.ConfigurationWatchList@590379db - URL [jar:file:/Users/keerthas/IdeaProjects/Biblioteca/lib/cobertura-2.1.1-sources.jar!/logback.xml] is not of type file
22:21:41,747 |-INFO in ch.qos.logback.classic.joran.action.ConfigurationAction - debug attribute not set
22:21:41,749 |-INFO in ch.qos.logback.core.joran.action.AppenderAction - About to instantiate appender of type [ch.qos.logback.core.ConsoleAppender]
22:21:41,759 |-INFO in ch.qos.logback.core.joran.action.AppenderAction - Naming appender as [STDOUT]
22:21:41,782 |-INFO in ch.qos.logback.core.joran.action.NestedComplexPropertyIA - Assuming default type [ch.qos.logback.classic.encoder.PatternLayoutEncoder] for [encoder] property
22:21:41,819 |-INFO in ch.qos.logback.classic.joran.action.LoggerAction - Setting level of logger [net.sourceforge.cobertura] to INFO
22:21:41,819 |-INFO in ch.qos.logback.classic.joran.action.RootLoggerAction - Setting level of ROOT logger to DEBUG
22:21:41,819 |-INFO in ch.qos.logback.core.joran.action.AppenderRefAction - Attaching appender named [STDOUT] to Logger[ROOT]
22:21:41,819 |-INFO in ch.qos.logback.classic.joran.action.ConfigurationAction - End of configuration.
22:21:41,820 |-INFO in ch.qos.logback.classic.joran.JoranConfigurator@73354684 - Registering current configuration as safe fallback point

]]></system-out>

      <system-err><![CDATA[]]></system-err>

  </testsuite>
  <testsuite errors="0" failures="0" hostname="INkeerthas.local" id="21" name="UserAuthenticatorTest" package="com.thoughtworks.biblioteca.user" skipped="0" tests="5" time="0.238" timestamp="2015-09-18T16:51:43">
      <properties>
[...]
</properties>

      <testcase classname="com.thoughtworks.biblioteca.user.UserAuthenticatorTest" name="shouldLoginForValidCredentials" time="0.002" />

      <testcase classname="com.thoughtworks.biblioteca.user.UserAuthenticatorTest" name="shouldNotLoginForInValidPassword" time="0.001" />

      <testcase classname="com.thoughtworks.biblioteca.user.UserAuthenticatorTest" name="shouldReturnLoggedInUserForValidUser" time="0.003" />

      <testcase classname="com.thoughtworks.biblioteca.user.UserAuthenticatorTest" name="shouldNotLoginForInValidCredentials" time="0.0" />

      <testcase classname="com.thoughtworks.biblioteca.user.UserAuthenticatorTest" name="shouldNotLoginForInValidLibraryNumber" time="0.0" />

      <system-out><![CDATA[22:21:43,248 |-INFO in ch.qos.logback.classic.LoggerContext[default] - Could NOT find resource [logback.groovy]
22:21:43,248 |-INFO in ch.qos.logback.classic.LoggerContext[default] - Could NOT find resource [logback-test.xml]
22:21:43,249 |-INFO in ch.qos.logback.classic.LoggerContext[default] - Found resource [logback.xml] at [jar:file:/Users/keerthas/IdeaProjects/Biblioteca/lib/cobertura-2.1.1-sources.jar!/logback.xml]
22:21:43,250 |-WARN in ch.qos.logback.classic.LoggerContext[default] - Resource [logback.xml] occurs multiple times on the classpath.
22:21:43,250 |-WARN in ch.qos.logback.classic.LoggerContext[default] - Resource [logback.xml] occurs at [jar:file:/Users/keerthas/IdeaProjects/Biblioteca/lib/cobertura-2.1.1-sources.jar!/logback.xml]
22:21:43,250 |-WARN in ch.qos.logback.classic.LoggerContext[default] - Resource [logback.xml] occurs at [jar:file:/Users/keerthas/IdeaProjects/Biblioteca/lib/cobertura-2.1.1.jar!/logback.xml]
22:21:43,270 |-INFO in ch.qos.logback.core.joran.spi.ConfigurationWatchList@368b5035 - URL [jar:file:/Users/keerthas/IdeaProjects/Biblioteca/lib/cobertura-2.1.1-sources.jar!/logback.xml] is not of type file
22:21:43,310 |-INFO in ch.qos.logback.classic.joran.action.ConfigurationAction - debug attribute not set
22:21:43,312 |-INFO in ch.qos.logback.core.joran.action.AppenderAction - About to instantiate appender of type [ch.qos.logback.core.ConsoleAppender]
22:21:43,322 |-INFO in ch.qos.logback.core.joran.action.AppenderAction - Naming appender as [STDOUT]
22:21:43,345 |-INFO in ch.qos.logback.core.joran.action.NestedComplexPropertyIA - Assuming default type [ch.qos.logback.classic.encoder.PatternLayoutEncoder] for [encoder] property
22:21:43,381 |-INFO in ch.qos.logback.classic.joran.action.LoggerAction - Setting level of logger [net.sourceforge.cobertura] to INFO
22:21:43,382 |-INFO in ch.qos.logback.classic.joran.action.RootLoggerAction - Setting level of ROOT logger to DEBUG
22:21:43,382 |-INFO in ch.qos.logback.core.joran.action.AppenderRefAction - Attaching appender named [STDOUT] to Logger[ROOT]
22:21:43,382 |-INFO in ch.qos.logback.classic.joran.action.ConfigurationAction - End of configuration.
22:21:43,383 |-INFO in ch.qos.logback.classic.joran.JoranConfigurator@743ee38c - Registering current configuration as safe fallback point

]]></system-out>

      <system-err><![CDATA[]]></system-err>

  </testsuite>
  <testsuite errors="0" failures="0" hostname="INkeerthas.local" id="22" name="UserTest" package="com.thoughtworks.biblioteca.user" skipped="0" tests="8" time="0.24" timestamp="2015-09-18T16:51:44">
      <properties>
[...]
</properties>

      <testcase classname="com.thoughtworks.biblioteca.user.UserTest" name="shouldReturnTrueForCheckOutBookOptionForAdmin" time="0.001" />

      <testcase classname="com.thoughtworks.biblioteca.user.UserTest" name="shouldNotCompareWithAnotherObject" time="0.0" />

      <testcase classname="com.thoughtworks.biblioteca.user.UserTest" name="shouldReturnFalseForDifferentPassword" time="0.001" />

      <testcase classname="com.thoughtworks.biblioteca.user.UserTest" name="shouldReturnTrueForSamePassword" time="0.0" />

      <testcase classname="com.thoughtworks.biblioteca.user.UserTest" name="shouldReturnFlaseWhenUserNameIsDifferent" time="0.0" />

      <testcase classname="com.thoughtworks.biblioteca.user.UserTest" name="shouldCompareWithItself" time="0.0" />

      <testcase classname="com.thoughtworks.biblioteca.user.UserTest" name="shouldReturnTrueWhenUserNameIsSame" time="0.0" />

      <testcase classname="com.thoughtworks.biblioteca.user.UserTest" name="shouldNotCompareWithNull" time="0.0" />

      <system-out><![CDATA[22:21:44,821 |-INFO in ch.qos.logback.classic.LoggerContext[default] - Could NOT find resource [logback.groovy]
22:21:44,821 |-INFO in ch.qos.logback.classic.LoggerContext[default] - Could NOT find resource [logback-test.xml]
22:21:44,821 |-INFO in ch.qos.logback.classic.LoggerContext[default] - Found resource [logback.xml] at [jar:file:/Users/keerthas/IdeaProjects/Biblioteca/lib/cobertura-2.1.1-sources.jar!/logback.xml]
22:21:44,822 |-WARN in ch.qos.logback.classic.LoggerContext[default] - Resource [logback.xml] occurs multiple times on the classpath.
22:21:44,822 |-WARN in ch.qos.logback.classic.LoggerContext[default] - Resource [logback.xml] occurs at [jar:file:/Users/keerthas/IdeaProjects/Biblioteca/lib/cobertura-2.1.1-sources.jar!/logback.xml]
22:21:44,822 |-WARN in ch.qos.logback.classic.LoggerContext[default] - Resource [logback.xml] occurs at [jar:file:/Users/keerthas/IdeaProjects/Biblioteca/lib/cobertura-2.1.1.jar!/logback.xml]
22:21:44,843 |-INFO in ch.qos.logback.core.joran.spi.ConfigurationWatchList@3d56cce6 - URL [jar:file:/Users/keerthas/IdeaProjects/Biblioteca/lib/cobertura-2.1.1-sources.jar!/logback.xml] is not of type file
22:21:44,888 |-INFO in ch.qos.logback.classic.joran.action.ConfigurationAction - debug attribute not set
22:21:44,890 |-INFO in ch.qos.logback.core.joran.action.AppenderAction - About to instantiate appender of type [ch.qos.logback.core.ConsoleAppender]
22:21:44,901 |-INFO in ch.qos.logback.core.joran.action.AppenderAction - Naming appender as [STDOUT]
22:21:44,925 |-INFO in ch.qos.logback.core.joran.action.NestedComplexPropertyIA - Assuming default type [ch.qos.logback.classic.encoder.PatternLayoutEncoder] for [encoder] property
22:21:44,961 |-INFO in ch.qos.logback.classic.joran.action.LoggerAction - Setting level of logger [net.sourceforge.cobertura] to INFO
22:21:44,961 |-INFO in ch.qos.logback.classic.joran.action.RootLoggerAction - Setting level of ROOT logger to DEBUG
22:21:44,961 |-INFO in ch.qos.logback.core.joran.action.AppenderRefAction - Attaching appender named [STDOUT] to Logger[ROOT]
22:21:44,962 |-INFO in ch.qos.logback.classic.joran.action.ConfigurationAction - End of configuration.
22:21:44,962 |-INFO in ch.qos.logback.classic.joran.JoranConfigurator@da62f80 - Registering current configuration as safe fallback point

]]></system-out>

      <system-err><![CDATA[]]></system-err>

  </testsuite>
  <testsuite errors="0" failures="0" hostname="INkeerthas.local" id="23" name="BookViewTest" package="com.thoughtworks.biblioteca.view" skipped="0" tests="4" time="0.239" timestamp="2015-09-18T16:51:46">
      <properties>
[...]
</properties>

      <testcase classname="com.thoughtworks.biblioteca.view.BookViewTest" name="shouldDisplayListOfCheckedOutBooks" time="0.006" />

      <testcase classname="com.thoughtworks.biblioteca.view.BookViewTest" name="shouldDisplayNoBooksAvailableWhenCheckedOutBookListIsEmpty" time="0.001" />

      <testcase classname="com.thoughtworks.biblioteca.view.BookViewTest" name="shouldDisplayListOfAvailableBooks" time="0.001" />

      <testcase classname="com.thoughtworks.biblioteca.view.BookViewTest" name="shouldDisplayNoBooksAvailableWhenAvailableBookListIsEmpty" time="0.0" />

      <system-out><![CDATA[22:21:46,393 |-INFO in ch.qos.logback.classic.LoggerContext[default] - Could NOT find resource [logback.groovy]
22:21:46,394 |-INFO in ch.qos.logback.classic.LoggerContext[default] - Could NOT find resource [logback-test.xml]
22:21:46,394 |-INFO in ch.qos.logback.classic.LoggerContext[default] - Found resource [logback.xml] at [jar:file:/Users/keerthas/IdeaProjects/Biblioteca/lib/cobertura-2.1.1-sources.jar!/logback.xml]
22:21:46,395 |-WARN in ch.qos.logback.classic.LoggerContext[default] - Resource [logback.xml] occurs multiple times on the classpath.
22:21:46,395 |-WARN in ch.qos.logback.classic.LoggerContext[default] - Resource [logback.xml] occurs at [jar:file:/Users/keerthas/IdeaProjects/Biblioteca/lib/cobertura-2.1.1-sources.jar!/logback.xml]
22:21:46,395 |-WARN in ch.qos.logback.classic.LoggerContext[default] - Resource [logback.xml] occurs at [jar:file:/Users/keerthas/IdeaProjects/Biblioteca/lib/cobertura-2.1.1.jar!/logback.xml]
22:21:46,415 |-INFO in ch.qos.logback.core.joran.spi.ConfigurationWatchList@564e4111 - URL [jar:file:/Users/keerthas/IdeaProjects/Biblioteca/lib/cobertura-2.1.1-sources.jar!/logback.xml] is not of type file
22:21:46,457 |-INFO in ch.qos.logback.classic.joran.action.ConfigurationAction - debug attribute not set
22:21:46,458 |-INFO in ch.qos.logback.core.joran.action.AppenderAction - About to instantiate appender of type [ch.qos.logback.core.ConsoleAppender]
22:21:46,468 |-INFO in ch.qos.logback.core.joran.action.AppenderAction - Naming appender as [STDOUT]
22:21:46,492 |-INFO in ch.qos.logback.core.joran.action.NestedComplexPropertyIA - Assuming default type [ch.qos.logback.classic.encoder.PatternLayoutEncoder] for [encoder] property
22:21:46,528 |-INFO in ch.qos.logback.classic.joran.action.LoggerAction - Setting level of logger [net.sourceforge.cobertura] to INFO
22:21:46,528 |-INFO in ch.qos.logback.classic.joran.action.RootLoggerAction - Setting level of ROOT logger to DEBUG
22:21:46,528 |-INFO in ch.qos.logback.core.joran.action.AppenderRefAction - Attaching appender named [STDOUT] to Logger[ROOT]
22:21:46,529 |-INFO in ch.qos.logback.classic.joran.action.ConfigurationAction - End of configuration.
22:21:46,530 |-INFO in ch.qos.logback.classic.joran.JoranConfigurator@2b91ef5b - Registering current configuration as safe fallback point

]]></system-out>

      <system-err><![CDATA[]]></system-err>

  </testsuite>
  <testsuite errors="0" failures="0" hostname="INkeerthas.local" id="24" name="ConsoleDisplayTest" package="com.thoughtworks.biblioteca.view" skipped="0" tests="4" time="0.238" timestamp="2015-09-18T16:51:47">
      <properties>
[...]
</properties>

      <testcase classname="com.thoughtworks.biblioteca.view.ConsoleDisplayTest" name="shouldGetMenuOptionFromUser" time="0.001" />

      <testcase classname="com.thoughtworks.biblioteca.view.ConsoleDisplayTest" name="shouldPrintTheListOfBooks" time="0.0" />

      <testcase classname="com.thoughtworks.biblioteca.view.ConsoleDisplayTest" name="shouldGetStringInputFromUser" time="0.0" />

      <testcase classname="com.thoughtworks.biblioteca.view.ConsoleDisplayTest" name="shouldPrintTheWelcomeMessagePassed" time="0.001" />

      <system-out><![CDATA[22:21:47,967 |-INFO in ch.qos.logback.classic.LoggerContext[default] - Could NOT find resource [logback.groovy]
22:21:47,967 |-INFO in ch.qos.logback.classic.LoggerContext[default] - Could NOT find resource [logback-test.xml]
22:21:47,967 |-INFO in ch.qos.logback.classic.LoggerContext[default] - Found resource [logback.xml] at [jar:file:/Users/keerthas/IdeaProjects/Biblioteca/lib/cobertura-2.1.1-sources.jar!/logback.xml]
22:21:47,968 |-WARN in ch.qos.logback.classic.LoggerContext[default] - Resource [logback.xml] occurs multiple times on the classpath.
22:21:47,969 |-WARN in ch.qos.logback.classic.LoggerContext[default] - Resource [logback.xml] occurs at [jar:file:/Users/keerthas/IdeaProjects/Biblioteca/lib/cobertura-2.1.1-sources.jar!/logback.xml]
22:21:47,969 |-WARN in ch.qos.logback.classic.LoggerContext[default] - Resource [logback.xml] occurs at [jar:file:/Users/keerthas/IdeaProjects/Biblioteca/lib/cobertura-2.1.1.jar!/logback.xml]
22:21:47,991 |-INFO in ch.qos.logback.core.joran.spi.ConfigurationWatchList@734ee775 - URL [jar:file:/Users/keerthas/IdeaProjects/Biblioteca/lib/cobertura-2.1.1-sources.jar!/logback.xml] is not of type file
22:21:48,031 |-INFO in ch.qos.logback.classic.joran.action.ConfigurationAction - debug attribute not set
22:21:48,033 |-INFO in ch.qos.logback.core.joran.action.AppenderAction - About to instantiate appender of type [ch.qos.logback.core.ConsoleAppender]
22:21:48,042 |-INFO in ch.qos.logback.core.joran.action.AppenderAction - Naming appender as [STDOUT]
22:21:48,066 |-INFO in ch.qos.logback.core.joran.action.NestedComplexPropertyIA - Assuming default type [ch.qos.logback.classic.encoder.PatternLayoutEncoder] for [encoder] property
22:21:48,103 |-INFO in ch.qos.logback.classic.joran.action.LoggerAction - Setting level of logger [net.sourceforge.cobertura] to INFO
22:21:48,103 |-INFO in ch.qos.logback.classic.joran.action.RootLoggerAction - Setting level of ROOT logger to DEBUG
22:21:48,103 |-INFO in ch.qos.logback.core.joran.action.AppenderRefAction - Attaching appender named [STDOUT] to Logger[ROOT]
22:21:48,104 |-INFO in ch.qos.logback.classic.joran.action.ConfigurationAction - End of configuration.
22:21:48,105 |-INFO in ch.qos.logback.classic.joran.JoranConfigurator@413ded77 - Registering current configuration as safe fallback point

]]></system-out>

      <system-err><![CDATA[]]></system-err>

  </testsuite>
  <testsuite errors="0" failures="0" hostname="INkeerthas.local" id="25" name="MovieViewTest" package="com.thoughtworks.biblioteca.view" skipped="0" tests="2" time="0.242" timestamp="2015-09-18T16:51:49">
      <properties>
[...]
</properties>

      <testcase classname="com.thoughtworks.biblioteca.view.MovieViewTest" name="shouldFormattedListOfMovies" time="0.003" />

      <testcase classname="com.thoughtworks.biblioteca.view.MovieViewTest" name="shouldDisplayFeatureNotSupportedToDisplayCheckedOutMovies" time="0.001" />

      <system-out><![CDATA[22:21:49,547 |-INFO in ch.qos.logback.classic.LoggerContext[default] - Could NOT find resource [logback.groovy]
22:21:49,547 |-INFO in ch.qos.logback.classic.LoggerContext[default] - Could NOT find resource [logback-test.xml]
22:21:49,547 |-INFO in ch.qos.logback.classic.LoggerContext[default] - Found resource [logback.xml] at [jar:file:/Users/keerthas/IdeaProjects/Biblioteca/lib/cobertura-2.1.1-sources.jar!/logback.xml]
22:21:49,548 |-WARN in ch.qos.logback.classic.LoggerContext[default] - Resource [logback.xml] occurs multiple times on the classpath.
22:21:49,548 |-WARN in ch.qos.logback.classic.LoggerContext[default] - Resource [logback.xml] occurs at [jar:file:/Users/keerthas/IdeaProjects/Biblioteca/lib/cobertura-2.1.1-sources.jar!/logback.xml]
22:21:49,548 |-WARN in ch.qos.logback.classic.LoggerContext[default] - Resource [logback.xml] occurs at [jar:file:/Users/keerthas/IdeaProjects/Biblioteca/lib/cobertura-2.1.1.jar!/logback.xml]
22:21:49,571 |-INFO in ch.qos.logback.core.joran.spi.ConfigurationWatchList@591e356b - URL [jar:file:/Users/keerthas/IdeaProjects/Biblioteca/lib/cobertura-2.1.1-sources.jar!/logback.xml] is not of type file
22:21:49,612 |-INFO in ch.qos.logback.classic.joran.action.ConfigurationAction - debug attribute not set
22:21:49,614 |-INFO in ch.qos.logback.core.joran.action.AppenderAction - About to instantiate appender of type [ch.qos.logback.core.ConsoleAppender]
22:21:49,623 |-INFO in ch.qos.logback.core.joran.action.AppenderAction - Naming appender as [STDOUT]
22:21:49,647 |-INFO in ch.qos.logback.core.joran.action.NestedComplexPropertyIA - Assuming default type [ch.qos.logback.classic.encoder.PatternLayoutEncoder] for [encoder] property
22:21:49,684 |-INFO in ch.qos.logback.classic.joran.action.LoggerAction - Setting level of logger [net.sourceforge.cobertura] to INFO
22:21:49,684 |-INFO in ch.qos.logback.classic.joran.action.RootLoggerAction - Setting level of ROOT logger to DEBUG
22:21:49,684 |-INFO in ch.qos.logback.core.joran.action.AppenderRefAction - Attaching appender named [STDOUT] to Logger[ROOT]
22:21:49,685 |-INFO in ch.qos.logback.classic.joran.action.ConfigurationAction - End of configuration.
22:21:49,686 |-INFO in ch.qos.logback.classic.joran.JoranConfigurator@4e453182 - Registering current configuration as safe fallback point

]]></system-out>

      <system-err><![CDATA[]]></system-err>

  </testsuite>
  <testsuite errors="0" failures="0" hostname="INkeerthas.local" id="26" name="UserViewTest" package="com.thoughtworks.biblioteca.view" skipped="0" tests="1" time="0.24" timestamp="2015-09-18T16:51:51">
      <properties>
[...]
</properties>

      <testcase classname="com.thoughtworks.biblioteca.view.UserViewTest" name="shouldDisplayUserInformation" time="0.002" />

      <system-out><![CDATA[22:21:51,124 |-INFO in ch.qos.logback.classic.LoggerContext[default] - Could NOT find resource [logback.groovy]
22:21:51,124 |-INFO in ch.qos.logback.classic.LoggerContext[default] - Could NOT find resource [logback-test.xml]
22:21:51,124 |-INFO in ch.qos.logback.classic.LoggerContext[default] - Found resource [logback.xml] at [jar:file:/Users/keerthas/IdeaProjects/Biblioteca/lib/cobertura-2.1.1-sources.jar!/logback.xml]
22:21:51,125 |-WARN in ch.qos.logback.classic.LoggerContext[default] - Resource [logback.xml] occurs multiple times on the classpath.
22:21:51,125 |-WARN in ch.qos.logback.classic.LoggerContext[default] - Resource [logback.xml] occurs at [jar:file:/Users/keerthas/IdeaProjects/Biblioteca/lib/cobertura-2.1.1-sources.jar!/logback.xml]
22:21:51,125 |-WARN in ch.qos.logback.classic.LoggerContext[default] - Resource [logback.xml] occurs at [jar:file:/Users/keerthas/IdeaProjects/Biblioteca/lib/cobertura-2.1.1.jar!/logback.xml]
22:21:51,145 |-INFO in ch.qos.logback.core.joran.spi.ConfigurationWatchList@5673ef7 - URL [jar:file:/Users/keerthas/IdeaProjects/Biblioteca/lib/cobertura-2.1.1-sources.jar!/logback.xml] is not of type file
22:21:51,188 |-INFO in ch.qos.logback.classic.joran.action.ConfigurationAction - debug attribute not set
22:21:51,190 |-INFO in ch.qos.logback.core.joran.action.AppenderAction - About to instantiate appender of type [ch.qos.logback.core.ConsoleAppender]
22:21:51,199 |-INFO in ch.qos.logback.core.joran.action.AppenderAction - Naming appender as [STDOUT]
22:21:51,226 |-INFO in ch.qos.logback.core.joran.action.NestedComplexPropertyIA - Assuming default type [ch.qos.logback.classic.encoder.PatternLayoutEncoder] for [encoder] property
22:21:51,265 |-INFO in ch.qos.logback.classic.joran.action.LoggerAction - Setting level of logger [net.sourceforge.cobertura] to INFO
22:21:51,265 |-INFO in ch.qos.logback.classic.joran.action.RootLoggerAction - Setting level of ROOT logger to DEBUG
22:21:51,265 |-INFO in ch.qos.logback.core.joran.action.AppenderRefAction - Attaching appender named [STDOUT] to Logger[ROOT]
22:21:51,265 |-INFO in ch.qos.logback.classic.joran.action.ConfigurationAction - End of configuration.
22:21:51,266 |-INFO in ch.qos.logback.classic.joran.JoranConfigurator@3d56cce6 - Registering current configuration as safe fallback point

]]></system-out>

      <system-err><![CDATA[]]></system-err>

  </testsuite>
</testsuites>
